This is pdfTeX, Version 3.1415926-2.5-1.40.14 (TeX Live 2013) (format=pdflatex 2013.5.30)  23 FEB 2014 10:11
entering extended mode
 restricted \write18 enabled.
 file:line:error style messages enabled.
 %&-line parsing enabled.
**www-workshop.tex
(./www-workshop.tex
LaTeX2e <2011/06/27>
Babel <3.9f> and hyphenation patterns for 78 languages loaded.
(./www13-companion-accepted.cls
(/usr/local/texlive/2013/texmf-dist/tex/latex/graphics/epsfig.sty
Package: epsfig 1999/02/16 v1.7a (e)psfig emulation (SPQR)

(/usr/local/texlive/2013/texmf-dist/tex/latex/graphics/graphicx.sty
Package: graphicx 1999/02/16 v1.0f Enhanced LaTeX Graphics (DPC,SPQR)

(/usr/local/texlive/2013/texmf-dist/tex/latex/graphics/keyval.sty
Package: keyval 1999/03/16 v1.13 key=value parser (DPC)
\KV@toks@=\toks14
)
(/usr/local/texlive/2013/texmf-dist/tex/latex/graphics/graphics.sty
Package: graphics 2009/02/05 v1.0o Standard LaTeX Graphics (DPC,SPQR)

(/usr/local/texlive/2013/texmf-dist/tex/latex/graphics/trig.sty
Package: trig 1999/03/16 v1.09 sin cos tan (DPC)
)
(/usr/local/texlive/2013/texmf-dist/tex/latex/latexconfig/graphics.cfg
File: graphics.cfg 2010/04/23 v1.9 graphics configuration of TeX Live
)
Package graphics Info: Driver file: pdftex.def on input line 91.

(/usr/local/texlive/2013/texmf-dist/tex/latex/pdftex-def/pdftex.def
File: pdftex.def 2011/05/27 v0.06d Graphics/color for pdfTeX

(/usr/local/texlive/2013/texmf-dist/tex/generic/oberdiek/infwarerr.sty
Package: infwarerr 2010/04/08 v1.3 Providing info/warning/error messages (HO)
)
(/usr/local/texlive/2013/texmf-dist/tex/generic/oberdiek/ltxcmds.sty
Package: ltxcmds 2011/11/09 v1.22 LaTeX kernel commands for general use (HO)
)
\Gread@gobject=\count79
))
\Gin@req@height=\dimen102
\Gin@req@width=\dimen103
)
\epsfxsize=\dimen104
\epsfysize=\dimen105
)
(/usr/local/texlive/2013/texmf-dist/tex/latex/amsfonts/amssymb.sty
Package: amssymb 2013/01/14 v3.01 AMS font symbols

(/usr/local/texlive/2013/texmf-dist/tex/latex/amsfonts/amsfonts.sty
Package: amsfonts 2013/01/14 v3.01 Basic AMSFonts support
\@emptytoks=\toks15
\symAMSa=\mathgroup4
\symAMSb=\mathgroup5
LaTeX Font Info:    Overwriting math alphabet `\mathfrak' in version `bold'
(Font)                  U/euf/m/n --> U/euf/b/n on input line 106.
))
(/usr/local/texlive/2013/texmf-dist/tex/latex/amsmath/amsmath.sty
Package: amsmath 2013/01/14 v2.14 AMS math features
\@mathmargin=\skip41

For additional information on amsmath, use the `?' option.
(/usr/local/texlive/2013/texmf-dist/tex/latex/amsmath/amstext.sty
Package: amstext 2000/06/29 v2.01

(/usr/local/texlive/2013/texmf-dist/tex/latex/amsmath/amsgen.sty
File: amsgen.sty 1999/11/30 v2.0
\@emptytoks=\toks16
\ex@=\dimen106
))
(/usr/local/texlive/2013/texmf-dist/tex/latex/amsmath/amsbsy.sty
Package: amsbsy 1999/11/29 v1.2d
\pmbraise@=\dimen107
)
(/usr/local/texlive/2013/texmf-dist/tex/latex/amsmath/amsopn.sty
Package: amsopn 1999/12/14 v2.01 operator names
)
\inf@bad=\count80
LaTeX Info: Redefining \frac on input line 210.
\uproot@=\count81
\leftroot@=\count82
LaTeX Info: Redefining \overline on input line 306.
\classnum@=\count83
\DOTSCASE@=\count84
LaTeX Info: Redefining \ldots on input line 378.
LaTeX Info: Redefining \dots on input line 381.
LaTeX Info: Redefining \cdots on input line 466.
\Mathstrutbox@=\box26
\strutbox@=\box27
\big@size=\dimen108
LaTeX Font Info:    Redeclaring font encoding OML on input line 566.
LaTeX Font Info:    Redeclaring font encoding OMS on input line 567.
\macc@depth=\count85
\c@MaxMatrixCols=\count86
\dotsspace@=\muskip10
\c@parentequation=\count87
\dspbrk@lvl=\count88
\tag@help=\toks17
\row@=\count89
\column@=\count90
\maxfields@=\count91
\andhelp@=\toks18
\eqnshift@=\dimen109
\alignsep@=\dimen110
\tagshift@=\dimen111
\tagwidth@=\dimen112
\totwidth@=\dimen113
\lineht@=\dimen114
\@envbody=\toks19
\multlinegap=\skip42
\multlinetaggap=\skip43
\mathdisplay@stack=\toks20
LaTeX Info: Redefining \[ on input line 2665.
LaTeX Info: Redefining \] on input line 2666.
)
Document Class 'www2013-accepted From www-release by ACM
Based in part upon document Style `acmconf' <22 May 89>. Hacked 4/91 by
shivers@cs.cmu.edu, 4/93 by theobald@cs.mcgill.ca
Excerpts were taken from (Journal Style) 'esub2acm.cls'.
****** Bugs/comments/suggestions/technicalities to Craig Rodkin (rodkin@hq.acm.
org ******
Questions on the latex formatting to: acmtexsupport@aptaracorp.com, SIGS polici
es, etc. to Adrienne Griscti griscti@acm.org
\footheight=\dimen115
\@maxsep=\dimen116
\@dblmaxsep=\dimen117
\aucount=\count92
\originalaucount=\count93
\auwidth=\dimen118
\auskip=\dimen119
\auskipcount=\count94
\auskip=\dimen120
\allauboxes=\dimen121
\addauthors=\toks21
\addauflag=\count95
\subtitletext=\toks22
\savesection=\count96
\sectioncntr=\count97
\c@figure=\count98
\c@table=\count99
\titleboxnotes=\toks23
\titleboxnoteflag=\count100

LaTeX Warning: You have requested document class `www13-companion-accepted',
               but the document class provides `www2012-accepted'.

Document Class: www2012-accepted 2012/01/26 V2.0 based on sig-alt-release.cls
(/usr/local/texlive/2013/texmf-dist/tex/latex/base/latexsym.sty
Package: latexsym 1998/08/17 v2.2e Standard LaTeX package (lasy symbols)
\symlasy=\mathgroup6
LaTeX Font Info:    Overwriting symbol font `lasy' in version `bold'
(Font)                  U/lasy/m/n --> U/lasy/b/n on input line 47.
)
\@acmtitlebox=\box28
\titlenotecount=\count101
\tntoks=\toks24
\tntokstwo=\toks25
\tntoksthree=\toks26
\tntoksfour=\toks27
\tntoksfive=\toks28
\catcount=\count102
\copyrightnotice=\toks29
\conf=\toks30
\confinfo=\toks31
\c@part=\count103
\c@section=\count104
\c@subsection=\count105
\c@subsubsection=\count106
\c@paragraph=\count107

Using 'Abbrev' bibliography style
LaTeX Info: Redefining \cite on input line 1205.
\bibindent=\dimen122
\colcntr=\count108
\saveb@x=\box29
\copyrtyr=\toks32
\acmcopyr=\toks33
\boilerplate=\toks34
\copyrightetc=\toks35
(/usr/local/texlive/2013/texmf-dist/tex/latex/base/fontenc.sty
Package: fontenc 2005/09/27 v1.99g Standard LaTeX package

(/usr/local/texlive/2013/texmf-dist/tex/latex/base/t1enc.def
File: t1enc.def 2005/09/27 v1.99g Standard LaTeX file
LaTeX Font Info:    Redeclaring font encoding T1 on input line 43.
)
LaTeX Font Info:    Try loading font information for T1+aer on input line 100.

(/usr/local/texlive/2013/texmf-dist/tex/latex/ae/t1aer.fd
File: t1aer.fd 1997/11/16 Font definitions for T1/aer.
)))
(/usr/local/texlive/2013/texmf-dist/tex/latex/subfigure/subfigure.sty
Package: subfigure 2002/03/15 v2.1.5 subfigure package
\subfigtopskip=\skip44
\subfigcapskip=\skip45
\subfigcaptopadj=\dimen123
\subfigbottomskip=\skip46
\subfigcapmargin=\dimen124
\subfiglabelskip=\skip47
\c@subfigure=\count109
\c@lofdepth=\count110
\c@subtable=\count111
\c@lotdepth=\count112

****************************************
* Local config file subfigure.cfg used *
****************************************
(/usr/local/texlive/2013/texmf-dist/tex/latex/subfigure/subfigure.cfg)
\subfig@top=\skip48
\subfig@bottom=\skip49
)
(/usr/local/texlive/2013/texmf-dist/tex/latex/url/url.sty
\Urlmuskip=\muskip11
Package: url 2006/04/12  ver 3.3  Verb mode for urls, etc.
)
(/usr/local/texlive/2013/texmf-dist/tex/latex/cite/cite.sty
LaTeX Info: Redefining \cite on input line 302.
LaTeX Info: Redefining \nocite on input line 373.
Package: cite 2010/09/10  v 5.3
)
(/usr/local/texlive/2013/texmf-dist/tex/latex/base/fontenc.sty
Package: fontenc 2005/09/27 v1.99g Standard LaTeX package

(/usr/local/texlive/2013/texmf-dist/tex/latex/base/t1enc.def
File: t1enc.def 2005/09/27 v1.99g Standard LaTeX file
LaTeX Font Info:    Redeclaring font encoding T1 on input line 43.
))
(/usr/local/texlive/2013/texmf-dist/tex/latex/graphics/color.sty
Package: color 2005/11/14 v1.0j Standard LaTeX Color (DPC)

(/usr/local/texlive/2013/texmf-dist/tex/latex/latexconfig/color.cfg
File: color.cfg 2007/01/18 v1.5 color configuration of teTeX/TeXLive
)
Package color Info: Driver file: pdftex.def on input line 130.
)

LaTeX Warning: Unused global option(s):
    [letterpaper].

(./www-workshop.aux)
\openout1 = `www-workshop.aux'.

LaTeX Font Info:    Checking defaults for OML/cmm/m/it on input line 27.
LaTeX Font Info:    ... okay on input line 27.
LaTeX Font Info:    Checking defaults for T1/cmr/m/n on input line 27.
LaTeX Font Info:    ... okay on input line 27.
LaTeX Font Info:    Checking defaults for OT1/cmr/m/n on input line 27.
LaTeX Font Info:    ... okay on input line 27.
LaTeX Font Info:    Checking defaults for OMS/cmsy/m/n on input line 27.
LaTeX Font Info:    ... okay on input line 27.
LaTeX Font Info:    Checking defaults for OMX/cmex/m/n on input line 27.
LaTeX Font Info:    ... okay on input line 27.
LaTeX Font Info:    Checking defaults for U/cmr/m/n on input line 27.
LaTeX Font Info:    ... okay on input line 27.

(/usr/local/texlive/2013/texmf-dist/tex/context/base/supp-pdf.mkii
[Loading MPS to PDF converter (version 2006.09.02).]
\scratchcounter=\count113
\scratchdimen=\dimen125
\scratchbox=\box30
\nofMPsegments=\count114
\nofMParguments=\count115
\everyMPshowfont=\toks36
\MPscratchCnt=\count116
\MPscratchDim=\dimen126
\MPnumerator=\count117
\makeMPintoPDFobject=\count118
\everyMPtoPDFconversion=\toks37
) (/usr/local/texlive/2013/texmf-dist/tex/generic/oberdiek/pdftexcmds.sty
Package: pdftexcmds 2011/11/29 v0.20 Utility functions of pdfTeX for LuaTeX (HO
)

(/usr/local/texlive/2013/texmf-dist/tex/generic/oberdiek/ifluatex.sty
Package: ifluatex 2010/03/01 v1.3 Provides the ifluatex switch (HO)
Package ifluatex Info: LuaTeX not detected.
)
(/usr/local/texlive/2013/texmf-dist/tex/generic/oberdiek/ifpdf.sty
Package: ifpdf 2011/01/30 v2.3 Provides the ifpdf switch (HO)
Package ifpdf Info: pdfTeX in PDF mode is detected.
)
Package pdftexcmds Info: LuaTeX not detected.
Package pdftexcmds Info: \pdf@primitive is available.
Package pdftexcmds Info: \pdf@ifprimitive is available.
Package pdftexcmds Info: \pdfdraftmode found.
)
(/usr/local/texlive/2013/texmf-dist/tex/latex/oberdiek/epstopdf-base.sty
Package: epstopdf-base 2010/02/09 v2.5 Base part for package epstopdf

(/usr/local/texlive/2013/texmf-dist/tex/latex/oberdiek/grfext.sty
Package: grfext 2010/08/19 v1.1 Manage graphics extensions (HO)

(/usr/local/texlive/2013/texmf-dist/tex/generic/oberdiek/kvdefinekeys.sty
Package: kvdefinekeys 2011/04/07 v1.3 Define keys (HO)
))
(/usr/local/texlive/2013/texmf-dist/tex/latex/oberdiek/kvoptions.sty
Package: kvoptions 2011/06/30 v3.11 Key value format for package options (HO)

(/usr/local/texlive/2013/texmf-dist/tex/generic/oberdiek/kvsetkeys.sty
Package: kvsetkeys 2012/04/25 v1.16 Key value parser (HO)

(/usr/local/texlive/2013/texmf-dist/tex/generic/oberdiek/etexcmds.sty
Package: etexcmds 2011/02/16 v1.5 Avoid name clashes with e-TeX commands (HO)
Package etexcmds Info: Could not find \expanded.
(etexcmds)             That can mean that you are not using pdfTeX 1.50 or
(etexcmds)             that some package has redefined \expanded.
(etexcmds)             In the latter case, load this package earlier.
)))
Package grfext Info: Graphics extension search list:
(grfext)             [.png,.pdf,.jpg,.mps,.jpeg,.jbig2,.jb2,.PNG,.PDF,.JPG,.JPE
G,.JBIG2,.JB2,.eps]
(grfext)             \AppendGraphicsExtensions on input line 452.

(/usr/local/texlive/2013/texmf-dist/tex/latex/latexconfig/epstopdf-sys.cfg
File: epstopdf-sys.cfg 2010/07/13 v1.3 Configuration of (r)epstopdf for TeX Liv
e
))
LaTeX Font Info:    Try loading font information for U+msa on input line 66.

(/usr/local/texlive/2013/texmf-dist/tex/latex/amsfonts/umsa.fd
File: umsa.fd 2013/01/14 v3.01 AMS symbols A
)
LaTeX Font Info:    Try loading font information for U+msb on input line 66.

(/usr/local/texlive/2013/texmf-dist/tex/latex/amsfonts/umsb.fd
File: umsb.fd 2013/01/14 v3.01 AMS symbols B
)
LaTeX Font Info:    Try loading font information for U+lasy on input line 66.

(/usr/local/texlive/2013/texmf-dist/tex/latex/base/ulasy.fd
File: ulasy.fd 1998/08/17 v2.2e LaTeX symbol font definitions
)
Overfull \hbox (3.56032pt too wide) in paragraph at lines 69--84
\T1/aer/m/n/9 en-tific com-mu-ni-ties. De-spite the great in-ter-est, lit-tle i
s known
 []

(./intro.tex

LaTeX Warning: Citation `Kleinberg@cacm2008' on page \thepage  undefined on inp
ut line 4.


LaTeX Warning: Citation `icwsm10cha' on page \thepage  undefined on input line 
11.


LaTeX Warning: Citation `crandall.kdd08' on page \thepage  undefined on input l
ine 11.


LaTeX Warning: Citation `Backstrom:2006' on page \thepage  undefined on input l
ine 11.


LaTeX Warning: Citation `influence.correlation.kdd08' on page \thepage  undefin
ed on input line 11.


LaTeX Warning: Citation `Rogers.1962' on page \thepage  undefined on input line
 12.


LaTeX Warning: Citation `accidental-influential' on page \thepage  undefined on
 input line 12.


LaTeX Warning: Citation `kempe03kdd' on page \thepage  undefined on input line 
12.


LaTeX Warning: Citation `Kempe05influentialnodes' on page \thepage  undefined o
n input line 12.


LaTeX Warning: Citation `saez-trumper@kdd12' on page \thepage  undefined on inp
ut line 13.


LaTeX Warning: Citation `Weng:2010:TFT:1718487.1718520' on page \thepage  undef
ined on input line 13.


LaTeX Warning: Citation `Ley:2009' on page \thepage  undefined on input line 18
.


Underfull \vbox (badness 1817) has occurred while \output is active []

 [1{/usr/local/texlive/2013/texmf-var/fonts/map/pdftex/updmap/pdftex.map}


Non-PDF special ignored!

]) (./related.tex

LaTeX Warning: Citation `Kumar:2006' on page \thepage  undefined on input line 
4.


LaTeX Warning: Citation `Ducheneaut:2007' on page \thepage  undefined on input 
line 6.


LaTeX Warning: Citation `Patil:2012' on page \thepage  undefined on input line 
7.


LaTeX Warning: Citation `Viswanath:2009' on page \thepage  undefined on input l
ine 8.


LaTeX Warning: Citation `Leskovec:2005' on page \thepage  undefined on input li
ne 11.


LaTeX Warning: Citation `Leskovec:2008' on page \thepage  undefined on input li
ne 13.


LaTeX Warning: Citation `Backstrom:2006' on page \thepage  undefined on input l
ine 18.


LaTeX Warning: Citation `Huang:2008' on page \thepage  undefined on input line 
20.


LaTeX Warning: Citation `Leskovec@www2010' on page \thepage  undefined on input
 line 26.


LaTeX Warning: Citation `Chakrabarti:2006:EC:1150402.1150467' on page \thepage 
 undefined on input line 26.


LaTeX Warning: Citation `citeulike:370723' on page \thepage  undefined on input
 line 26.


LaTeX Warning: Citation `Sachan:2012' on page \thepage  undefined on input line
 26.


LaTeX Warning: Citation `Seifi:2012:CCE:2187980.2188258' on page \thepage  unde
fined on input line 27.

) (./data.tex

LaTeX Warning: Citation `Kleinberg@cacm2008' on page \thepage  undefined on inp
ut line 5.


LaTeX Warning: Citation `Leskovec@www2010' on page \thepage  undefined on input
 line 5.


LaTeX Warning: Citation `Ley:2009' on page \thepage  undefined on input line 9.



LaTeX Warning: Reference `tab:sigs_conference_period' on page \thepage  undefin
ed on input line 19.

) (./core.tex

LaTeX Warning: Citation `Seifi:2012:CCE:2187980.2188258' on page \thepage  unde
fined on input line 4.

[2]

LaTeX Warning: Citation `Hirsch:2005' on page \thepage  undefined on input line
 9.


LaTeX Warning: Reference `eq:core_score' on page \thepage  undefined on input l
ine 17.


LaTeX Warning: Reference `sub:hindex' on page \thepage  undefined on input line
 31.


LaTeX Warning: Reference `sub:thresholds' on page \thepage  undefined on input 
line 33.

Package epstopdf Info: Source file: <graficos/hindex/hindex_scatter_plot.eps>
(epstopdf)                    date: 2013-02-25 21:13:08
(epstopdf)                    size: 25500 bytes
(epstopdf)             Output file: <graficos/hindex/hindex_scatter_plot-eps-co
nverted-to.pdf>
(epstopdf)             Command: <repstopdf --outfile=graficos/hindex/hindex_sca
tter_plot-eps-converted-to.pdf graficos/hindex/hindex_scatter_plot.eps>
(epstopdf)             \includegraphics on input line 53.
runsystem(repstopdf --outfile=graficos/hindex/hindex_scatter_plot-eps-converted
-to.pdf graficos/hindex/hindex_scatter_plot.eps)...executed safely (allowed).

Package epstopdf Info: Result file: <graficos/hindex/hindex_scatter_plot-eps-co
nverted-to.pdf>
(epstopdf)                    date: 2014-02-23 10:11:52
(epstopdf)                    size: 9867 bytes.

<graficos/hindex/hindex_scatter_plot-eps-converted-to.pdf, id=18, 361.35pt x 25
2.945pt>
File: graficos/hindex/hindex_scatter_plot-eps-converted-to.pdf Graphic file (ty
pe pdf)
 <use graficos/hindex/hindex_scatter_plot-eps-converted-to.pdf>
Package pdftex.def Info: graficos/hindex/hindex_scatter_plot-eps-converted-to.p
df used on input line 53.
(pdftex.def)             Requested size: 180.67456pt x 126.47218pt.


LaTeX Warning: Reference `tab:sigs_conference_period' on page \thepage  undefin
ed on input line 62.


LaTeX Warning: Reference `fig:hindex_scatter_plot' on page \thepage  undefined 
on input line 63.

[3]

LaTeX Warning: Citation `Viswanath:2009' on page \thepage  undefined on input l
ine 71.

Package epstopdf Info: Source file: <graficos/window_core_size/sigmod_slide_win
dow_top_list.eps>
(epstopdf)                    date: 2013-02-25 21:13:08
(epstopdf)                    size: 23712 bytes
(epstopdf)             Output file: <graficos/window_core_size/sigmod_slide_win
dow_top_list-eps-converted-to.pdf>
(epstopdf)             Command: <repstopdf --outfile=graficos/window_core_size/
sigmod_slide_window_top_list-eps-converted-to.pdf graficos/window_core_size/sig
mod_slide_window_top_list.eps>
(epstopdf)             \includegraphics on input line 86.
runsystem(repstopdf --outfile=graficos/window_core_size/sigmod_slide_window_top
_list-eps-converted-to.pdf graficos/window_core_size/sigmod_slide_window_top_li
st.eps)...executed safely (allowed).

Package epstopdf Info: Result file: <graficos/window_core_size/sigmod_slide_win
dow_top_list-eps-converted-to.pdf>
(epstopdf)                    date: 2014-02-23 10:11:53
(epstopdf)                    size: 8444 bytes.

<graficos/window_core_size/sigmod_slide_window_top_list-eps-converted-to.pdf, i
d=27, 361.35pt x 252.945pt>
File: graficos/window_core_size/sigmod_slide_window_top_list-eps-converted-to.p
df Graphic file (type pdf)

<use graficos/window_core_size/sigmod_slide_window_top_list-eps-converted-to.pd
f>
Package pdftex.def Info: graficos/window_core_size/sigmod_slide_window_top_list
-eps-converted-to.pdf used on input line 86.
(pdftex.def)             Requested size: 119.24586pt x 83.4721pt.
Package epstopdf Info: Source file: <graficos/window_core_size/chi_slide_window
_top_list.eps>
(epstopdf)                    date: 2013-02-25 21:13:08
(epstopdf)                    size: 23651 bytes
(epstopdf)             Output file: <graficos/window_core_size/chi_slide_window
_top_list-eps-converted-to.pdf>
(epstopdf)             Command: <repstopdf --outfile=graficos/window_core_size/
chi_slide_window_top_list-eps-converted-to.pdf graficos/window_core_size/chi_sl
ide_window_top_list.eps>
(epstopdf)             \includegraphics on input line 90.
runsystem(repstopdf --outfile=graficos/window_core_size/chi_slide_window_top_li
st-eps-converted-to.pdf graficos/window_core_size/chi_slide_window_top_list.eps
)...executed safely (allowed).

Package epstopdf Info: Result file: <graficos/window_core_size/chi_slide_window
_top_list-eps-converted-to.pdf>
(epstopdf)                    date: 2014-02-23 10:11:54
(epstopdf)                    size: 8403 bytes.

<graficos/window_core_size/chi_slide_window_top_list-eps-converted-to.pdf, id=2
8, 361.35pt x 252.945pt>
File: graficos/window_core_size/chi_slide_window_top_list-eps-converted-to.pdf 
Graphic file (type pdf)

<use graficos/window_core_size/chi_slide_window_top_list-eps-converted-to.pdf>
Package pdftex.def Info: graficos/window_core_size/chi_slide_window_top_list-ep
s-converted-to.pdf used on input line 90.
(pdftex.def)             Requested size: 119.24586pt x 83.4721pt.

Overfull \hbox (10.80319pt too wide) in paragraph at lines 86--91
 [][] 
 []


LaTeX Warning: Reference `fig:averange_values_resemblance' on page \thepage  un
defined on input line 99.


Overfull \hbox (5.5133pt too wide) in paragraph at lines 98--104
[]\T1/aer/m/n/9 Intuitively, high re-sem-blance vari-a-tions in-di-cate bad thr
esh-
 []

Package epstopdf Info: Source file: <graficos/validacao_core_community/cc_klein
berg.eps>
(epstopdf)                    date: 2013-02-25 21:13:08
(epstopdf)                    size: 23932 bytes
(epstopdf)             Output file: <graficos/validacao_core_community/cc_klein
berg-eps-converted-to.pdf>
(epstopdf)             Command: <repstopdf --outfile=graficos/validacao_core_co
mmunity/cc_kleinberg-eps-converted-to.pdf graficos/validacao_core_community/cc_
kleinberg.eps>
(epstopdf)             \includegraphics on input line 119.
runsystem(repstopdf --outfile=graficos/validacao_core_community/cc_kleinberg-ep
s-converted-to.pdf graficos/validacao_core_community/cc_kleinberg.eps)...execut
ed safely (allowed).

Package epstopdf Info: Result file: <graficos/validacao_core_community/cc_klein
berg-eps-converted-to.pdf>
(epstopdf)                    date: 2014-02-23 10:11:55
(epstopdf)                    size: 9405 bytes.

<graficos/validacao_core_community/cc_kleinberg-eps-converted-to.pdf, id=29, 36
1.35pt x 252.945pt>
File: graficos/validacao_core_community/cc_kleinberg-eps-converted-to.pdf Graph
ic file (type pdf)

<use graficos/validacao_core_community/cc_kleinberg-eps-converted-to.pdf>
Package pdftex.def Info: graficos/validacao_core_community/cc_kleinberg-eps-con
verted-to.pdf used on input line 119.
(pdftex.def)             Requested size: 119.24586pt x 83.4721pt.
Package epstopdf Info: Source file: <graficos/validacao_core_community/cc_luis_
von_ahn.eps>
(epstopdf)                    date: 2013-02-25 21:13:08
(epstopdf)                    size: 22963 bytes
(epstopdf)             Output file: <graficos/validacao_core_community/cc_luis_
von_ahn-eps-converted-to.pdf>
(epstopdf)             Command: <repstopdf --outfile=graficos/validacao_core_co
mmunity/cc_luis_von_ahn-eps-converted-to.pdf graficos/validacao_core_community/
cc_luis_von_ahn.eps>
(epstopdf)             \includegraphics on input line 123.
runsystem(repstopdf --outfile=graficos/validacao_core_community/cc_luis_von_ahn
-eps-converted-to.pdf graficos/validacao_core_community/cc_luis_von_ahn.eps)...
executed safely (allowed).

Package epstopdf Info: Result file: <graficos/validacao_core_community/cc_luis_
von_ahn-eps-converted-to.pdf>
(epstopdf)                    date: 2014-02-23 10:11:56
(epstopdf)                    size: 7809 bytes.

<graficos/validacao_core_community/cc_luis_von_ahn-eps-converted-to.pdf, id=30,
 361.35pt x 252.945pt>
File: graficos/validacao_core_community/cc_luis_von_ahn-eps-converted-to.pdf Gr
aphic file (type pdf)

<use graficos/validacao_core_community/cc_luis_von_ahn-eps-converted-to.pdf>
Package pdftex.def Info: graficos/validacao_core_community/cc_luis_von_ahn-eps-
converted-to.pdf used on input line 123.
(pdftex.def)             Requested size: 119.24586pt x 83.4721pt.

Overfull \hbox (10.80319pt too wide) in paragraph at lines 119--124
 [][] 
 []


LaTeX Warning: Reference `fig:rank_core_score_authors' on page \thepage  undefi
ned on input line 131.


Overfull \hbox (2.49883pt too wide) in paragraph at lines 131--138
\T1/aer/m/n/9 (e.g., po-si-tion 5% of that com-mu-nity) of these two re-searche
rs
 []


LaTeX Warning: Reference `tab:authors_frequency_core_community' on page \thepag
e  undefined on input line 179.

[4 <./graficos/hindex/hindex_scatter_plot-eps-converted-to.pdf> <./graficos/win
dow_core_size/sigmod_slide_window_top_list-eps-converted-to.pdf> <./graficos/wi
ndow_core_size/chi_slide_window_top_list-eps-converted-to.pdf> <./graficos/vali
dacao_core_community/cc_kleinberg-eps-converted-to.pdf> <./graficos/validacao_c
ore_community/cc_luis_von_ahn-eps-converted-to.pdf>]) (./analysis.tex
Overfull \hbox (1.00421pt too wide) in paragraph at lines 1--1
[]\secfnt PROPERTIES OF COM-MU-NITY CORES 
 []


LaTeX Warning: Reference `fig:metrics' on page \thepage  undefined on input lin
e 14.


LaTeX Warning: Reference `sub:thresholds' on page \thepage  undefined on input 
line 18.

Package epstopdf Info: Source file: <graficos/sigs_metricas_acumuladas_1_em_1_a
no/assortatividade_grupo_temporal_web.eps>
(epstopdf)                    date: 2013-02-25 21:13:08
(epstopdf)                    size: 28373 bytes
(epstopdf)             Output file: <graficos/sigs_metricas_acumuladas_1_em_1_a
no/assortatividade_grupo_temporal_web-eps-converted-to.pdf>
(epstopdf)             Command: <repstopdf --outfile=graficos/sigs_metricas_acu
muladas_1_em_1_ano/assortatividade_grupo_temporal_web-eps-converted-to.pdf graf
icos/sigs_metricas_acumuladas_1_em_1_ano/assortatividade_grupo_temporal_web.eps
>
(epstopdf)             \includegraphics on input line 29.
runsystem(repstopdf --outfile=graficos/sigs_metricas_acumuladas_1_em_1_ano/asso
rtatividade_grupo_temporal_web-eps-converted-to.pdf graficos/sigs_metricas_acum
uladas_1_em_1_ano/assortatividade_grupo_temporal_web.eps)...executed safely (al
lowed).

Package epstopdf Info: Result file: <graficos/sigs_metricas_acumuladas_1_em_1_a
no/assortatividade_grupo_temporal_web-eps-converted-to.pdf>
(epstopdf)                    date: 2014-02-23 10:11:58
(epstopdf)                    size: 14483 bytes.

<graficos/sigs_metricas_acumuladas_1_em_1_ano/assortatividade_grupo_temporal_we
b-eps-converted-to.pdf, id=60, 361.35pt x 252.945pt>
File: graficos/sigs_metricas_acumuladas_1_em_1_ano/assortatividade_grupo_tempor
al_web-eps-converted-to.pdf Graphic file (type pdf)

<use graficos/sigs_metricas_acumuladas_1_em_1_ano/assortatividade_grupo_tempora
l_web-eps-converted-to.pdf>
Package pdftex.def Info: graficos/sigs_metricas_acumuladas_1_em_1_ano/assortati
vidade_grupo_temporal_web-eps-converted-to.pdf used on input line 29.
(pdftex.def)             Requested size: 119.24586pt x 83.4721pt.
Package epstopdf Info: Source file: <graficos/core_over_time/metricas_tradicion
ais/assortatividade_slide_window_grupo_temporal_web.eps>
(epstopdf)                    date: 2013-02-25 21:13:08
(epstopdf)                    size: 28418 bytes
(epstopdf)             Output file: <graficos/core_over_time/metricas_tradicion
ais/assortatividade_slide_window_grupo_temporal_web-eps-converted-to.pdf>
(epstopdf)             Command: <repstopdf --outfile=graficos/core_over_time/me
tricas_tradicionais/assortatividade_slide_window_grupo_temporal_web-eps-convert
ed-to.pdf graficos/core_over_time/metricas_tradicionais/assortatividade_slide_w
indow_grupo_temporal_web.eps>
(epstopdf)             \includegraphics on input line 33.
runsystem(repstopdf --outfile=graficos/core_over_time/metricas_tradicionais/ass
ortatividade_slide_window_grupo_temporal_web-eps-converted-to.pdf graficos/core
_over_time/metricas_tradicionais/assortatividade_slide_window_grupo_temporal_we
b.eps)...executed safely (allowed).

Package epstopdf Info: Result file: <graficos/core_over_time/metricas_tradicion
ais/assortatividade_slide_window_grupo_temporal_web-eps-converted-to.pdf>
(epstopdf)                    date: 2014-02-23 10:11:59
(epstopdf)                    size: 14271 bytes.

<graficos/core_over_time/metricas_tradicionais/assortatividade_slide_window_gru
po_temporal_web-eps-converted-to.pdf, id=61, 361.35pt x 252.945pt>
File: graficos/core_over_time/metricas_tradicionais/assortatividade_slide_windo
w_grupo_temporal_web-eps-converted-to.pdf Graphic file (type pdf)

<use graficos/core_over_time/metricas_tradicionais/assortatividade_slide_window
_grupo_temporal_web-eps-converted-to.pdf>
Package pdftex.def Info: graficos/core_over_time/metricas_tradicionais/assortat
ividade_slide_window_grupo_temporal_web-eps-converted-to.pdf used on input line
 33.
(pdftex.def)             Requested size: 119.24586pt x 83.4721pt.

Overfull \hbox (10.80319pt too wide) in paragraph at lines 29--34
 [][] 
 []

Package epstopdf Info: Source file: <graficos/sigs_metricas_acumuladas_1_em_1_a
no/caminho_minimo_medio_grupo_temporal_web.eps>
(epstopdf)                    date: 2013-02-25 21:13:08
(epstopdf)                    size: 28688 bytes
(epstopdf)             Output file: <graficos/sigs_metricas_acumuladas_1_em_1_a
no/caminho_minimo_medio_grupo_temporal_web-eps-converted-to.pdf>
(epstopdf)             Command: <repstopdf --outfile=graficos/sigs_metricas_acu
muladas_1_em_1_ano/caminho_minimo_medio_grupo_temporal_web-eps-converted-to.pdf
 graficos/sigs_metricas_acumuladas_1_em_1_ano/caminho_minimo_medio_grupo_tempor
al_web.eps>
(epstopdf)             \includegraphics on input line 38.
runsystem(repstopdf --outfile=graficos/sigs_metricas_acumuladas_1_em_1_ano/cami
nho_minimo_medio_grupo_temporal_web-eps-converted-to.pdf graficos/sigs_metricas
_acumuladas_1_em_1_ano/caminho_minimo_medio_grupo_temporal_web.eps)...executed 
safely (allowed).

Package epstopdf Info: Result file: <graficos/sigs_metricas_acumuladas_1_em_1_a
no/caminho_minimo_medio_grupo_temporal_web-eps-converted-to.pdf>
(epstopdf)                    date: 2014-02-23 10:12:00
(epstopdf)                    size: 14620 bytes.

<graficos/sigs_metricas_acumuladas_1_em_1_ano/caminho_minimo_medio_grupo_tempor
al_web-eps-converted-to.pdf, id=62, 361.35pt x 252.945pt>
File: graficos/sigs_metricas_acumuladas_1_em_1_ano/caminho_minimo_medio_grupo_t
emporal_web-eps-converted-to.pdf Graphic file (type pdf)

<use graficos/sigs_metricas_acumuladas_1_em_1_ano/caminho_minimo_medio_grupo_te
mporal_web-eps-converted-to.pdf>
Package pdftex.def Info: graficos/sigs_metricas_acumuladas_1_em_1_ano/caminho_m
inimo_medio_grupo_temporal_web-eps-converted-to.pdf used on input line 38.
(pdftex.def)             Requested size: 119.24586pt x 83.4721pt.
Package epstopdf Info: Source file: <graficos/core_over_time/metricas_tradicion
ais/caminho_minimo_medio_slide_window_grupo_temporal_web.eps>
(epstopdf)                    date: 2013-02-25 21:13:08
(epstopdf)                    size: 28763 bytes
(epstopdf)             Output file: <graficos/core_over_time/metricas_tradicion
ais/caminho_minimo_medio_slide_window_grupo_temporal_web-eps-converted-to.pdf>
(epstopdf)             Command: <repstopdf --outfile=graficos/core_over_time/me
tricas_tradicionais/caminho_minimo_medio_slide_window_grupo_temporal_web-eps-co
nverted-to.pdf graficos/core_over_time/metricas_tradicionais/caminho_minimo_med
io_slide_window_grupo_temporal_web.eps>
(epstopdf)             \includegraphics on input line 42.
runsystem(repstopdf --outfile=graficos/core_over_time/metricas_tradicionais/cam
inho_minimo_medio_slide_window_grupo_temporal_web-eps-converted-to.pdf graficos
/core_over_time/metricas_tradicionais/caminho_minimo_medio_slide_window_grupo_t
emporal_web.eps)...executed safely (allowed).

Package epstopdf Info: Result file: <graficos/core_over_time/metricas_tradicion
ais/caminho_minimo_medio_slide_window_grupo_temporal_web-eps-converted-to.pdf>
(epstopdf)                    date: 2014-02-23 10:12:01
(epstopdf)                    size: 14421 bytes.

<graficos/core_over_time/metricas_tradicionais/caminho_minimo_medio_slide_windo
w_grupo_temporal_web-eps-converted-to.pdf, id=63, 361.35pt x 252.945pt>
File: graficos/core_over_time/metricas_tradicionais/caminho_minimo_medio_slide_
window_grupo_temporal_web-eps-converted-to.pdf Graphic file (type pdf)

<use graficos/core_over_time/metricas_tradicionais/caminho_minimo_medio_slide_w
indow_grupo_temporal_web-eps-converted-to.pdf>
Package pdftex.def Info: graficos/core_over_time/metricas_tradicionais/caminho_
minimo_medio_slide_window_grupo_temporal_web-eps-converted-to.pdf used on input
 line 42.
(pdftex.def)             Requested size: 119.24586pt x 83.4721pt.

Overfull \hbox (10.80319pt too wide) in paragraph at lines 38--43
 [][][] 
 []

Package epstopdf Info: Source file: <graficos/sigs_metricas_acumuladas_1_em_1_a
no/coeficiente_agrupamento_grupo_temporal_web.eps>
(epstopdf)                    date: 2013-02-25 21:13:08
(epstopdf)                    size: 28351 bytes
(epstopdf)             Output file: <graficos/sigs_metricas_acumuladas_1_em_1_a
no/coeficiente_agrupamento_grupo_temporal_web-eps-converted-to.pdf>
(epstopdf)             Command: <repstopdf --outfile=graficos/sigs_metricas_acu
muladas_1_em_1_ano/coeficiente_agrupamento_grupo_temporal_web-eps-converted-to.
pdf graficos/sigs_metricas_acumuladas_1_em_1_ano/coeficiente_agrupamento_grupo_
temporal_web.eps>
(epstopdf)             \includegraphics on input line 47.
runsystem(repstopdf --outfile=graficos/sigs_metricas_acumuladas_1_em_1_ano/coef
iciente_agrupamento_grupo_temporal_web-eps-converted-to.pdf graficos/sigs_metri
cas_acumuladas_1_em_1_ano/coeficiente_agrupamento_grupo_temporal_web.eps)...exe
cuted safely (allowed).

Package epstopdf Info: Result file: <graficos/sigs_metricas_acumuladas_1_em_1_a
no/coeficiente_agrupamento_grupo_temporal_web-eps-converted-to.pdf>
(epstopdf)                    date: 2014-02-23 10:12:03
(epstopdf)                    size: 14652 bytes.

<graficos/sigs_metricas_acumuladas_1_em_1_ano/coeficiente_agrupamento_grupo_tem
poral_web-eps-converted-to.pdf, id=64, 361.35pt x 252.945pt>
File: graficos/sigs_metricas_acumuladas_1_em_1_ano/coeficiente_agrupamento_grup
o_temporal_web-eps-converted-to.pdf Graphic file (type pdf)

<use graficos/sigs_metricas_acumuladas_1_em_1_ano/coeficiente_agrupamento_grupo
_temporal_web-eps-converted-to.pdf>
Package pdftex.def Info: graficos/sigs_metricas_acumuladas_1_em_1_ano/coeficien
te_agrupamento_grupo_temporal_web-eps-converted-to.pdf used on input line 47.
(pdftex.def)             Requested size: 119.24586pt x 83.4721pt.
Package epstopdf Info: Source file: <graficos/core_over_time/metricas_tradicion
ais/coeficiente_agrupamento_slide_window_grupo_temporal_web.eps>
(epstopdf)                    date: 2013-02-25 21:13:08
(epstopdf)                    size: 28520 bytes
(epstopdf)             Output file: <graficos/core_over_time/metricas_tradicion
ais/coeficiente_agrupamento_slide_window_grupo_temporal_web-eps-converted-to.pd
f>
(epstopdf)             Command: <repstopdf --outfile=graficos/core_over_time/me
tricas_tradicionais/coeficiente_agrupamento_slide_window_grupo_temporal_web-eps
-converted-to.pdf graficos/core_over_time/metricas_tradicionais/coeficiente_agr
upamento_slide_window_grupo_temporal_web.eps>
(epstopdf)             \includegraphics on input line 51.
runsystem(repstopdf --outfile=graficos/core_over_time/metricas_tradicionais/coe
ficiente_agrupamento_slide_window_grupo_temporal_web-eps-converted-to.pdf grafi
cos/core_over_time/metricas_tradicionais/coeficiente_agrupamento_slide_window_g
rupo_temporal_web.eps)...executed safely (allowed).

Package epstopdf Info: Result file: <graficos/core_over_time/metricas_tradicion
ais/coeficiente_agrupamento_slide_window_grupo_temporal_web-eps-converted-to.pd
f>
(epstopdf)                    date: 2014-02-23 10:12:04
(epstopdf)                    size: 14314 bytes.

<graficos/core_over_time/metricas_tradicionais/coeficiente_agrupamento_slide_wi
ndow_grupo_temporal_web-eps-converted-to.pdf, id=65, 361.35pt x 252.945pt>
File: graficos/core_over_time/metricas_tradicionais/coeficiente_agrupamento_sli
de_window_grupo_temporal_web-eps-converted-to.pdf Graphic file (type pdf)

<use graficos/core_over_time/metricas_tradicionais/coeficiente_agrupamento_slid
e_window_grupo_temporal_web-eps-converted-to.pdf>
Package pdftex.def Info: graficos/core_over_time/metricas_tradicionais/coeficie
nte_agrupamento_slide_window_grupo_temporal_web-eps-converted-to.pdf used on in
put line 51.
(pdftex.def)             Requested size: 119.24586pt x 83.4721pt.

Overfull \hbox (10.80319pt too wide) in paragraph at lines 47--52
 [][][] 
 []

Package epstopdf Info: Source file: <graficos/sigs_metricas_acumuladas_1_em_1_a
no/porcentagem_maior_componente_grupo_temporal_web.eps>
(epstopdf)                    date: 2013-02-25 21:13:08
(epstopdf)                    size: 28468 bytes
(epstopdf)             Output file: <graficos/sigs_metricas_acumuladas_1_em_1_a
no/porcentagem_maior_componente_grupo_temporal_web-eps-converted-to.pdf>
(epstopdf)             Command: <repstopdf --outfile=graficos/sigs_metricas_acu
muladas_1_em_1_ano/porcentagem_maior_componente_grupo_temporal_web-eps-converte
d-to.pdf graficos/sigs_metricas_acumuladas_1_em_1_ano/porcentagem_maior_compone
nte_grupo_temporal_web.eps>
(epstopdf)             \includegraphics on input line 56.
runsystem(repstopdf --outfile=graficos/sigs_metricas_acumuladas_1_em_1_ano/porc
entagem_maior_componente_grupo_temporal_web-eps-converted-to.pdf graficos/sigs_
metricas_acumuladas_1_em_1_ano/porcentagem_maior_componente_grupo_temporal_web.
eps)...executed safely (allowed).

Package epstopdf Info: Result file: <graficos/sigs_metricas_acumuladas_1_em_1_a
no/porcentagem_maior_componente_grupo_temporal_web-eps-converted-to.pdf>
(epstopdf)                    date: 2014-02-23 10:12:05
(epstopdf)                    size: 15256 bytes.

<graficos/sigs_metricas_acumuladas_1_em_1_ano/porcentagem_maior_componente_grup
o_temporal_web-eps-converted-to.pdf, id=66, 361.35pt x 252.945pt>
File: graficos/sigs_metricas_acumuladas_1_em_1_ano/porcentagem_maior_componente
_grupo_temporal_web-eps-converted-to.pdf Graphic file (type pdf)

<use graficos/sigs_metricas_acumuladas_1_em_1_ano/porcentagem_maior_componente_
grupo_temporal_web-eps-converted-to.pdf>
Package pdftex.def Info: graficos/sigs_metricas_acumuladas_1_em_1_ano/porcentag
em_maior_componente_grupo_temporal_web-eps-converted-to.pdf used on input line 
56.
(pdftex.def)             Requested size: 119.24586pt x 83.4721pt.
Package epstopdf Info: Source file: <graficos/core_over_time/metricas_tradicion
ais/porcentagem_maior_componente_slide_window_grupo_temporal_web.eps>
(epstopdf)                    date: 2013-02-25 21:13:08
(epstopdf)                    size: 28533 bytes
(epstopdf)             Output file: <graficos/core_over_time/metricas_tradicion
ais/porcentagem_maior_componente_slide_window_grupo_temporal_web-eps-converted-
to.pdf>
(epstopdf)             Command: <repstopdf --outfile=graficos/core_over_time/me
tricas_tradicionais/porcentagem_maior_componente_slide_window_grupo_temporal_we
b-eps-converted-to.pdf graficos/core_over_time/metricas_tradicionais/porcentage
m_maior_componente_slide_window_grupo_temporal_web.eps>
(epstopdf)             \includegraphics on input line 60.
runsystem(repstopdf --outfile=graficos/core_over_time/metricas_tradicionais/por
centagem_maior_componente_slide_window_grupo_temporal_web-eps-converted-to.pdf 
graficos/core_over_time/metricas_tradicionais/porcentagem_maior_componente_slid
e_window_grupo_temporal_web.eps)...executed safely (allowed).

Package epstopdf Info: Result file: <graficos/core_over_time/metricas_tradicion
ais/porcentagem_maior_componente_slide_window_grupo_temporal_web-eps-converted-
to.pdf>
(epstopdf)                    date: 2014-02-23 10:12:06
(epstopdf)                    size: 14799 bytes.

<graficos/core_over_time/metricas_tradicionais/porcentagem_maior_componente_sli
de_window_grupo_temporal_web-eps-converted-to.pdf, id=67, 361.35pt x 252.945pt>
File: graficos/core_over_time/metricas_tradicionais/porcentagem_maior_component
e_slide_window_grupo_temporal_web-eps-converted-to.pdf Graphic file (type pdf)

<use graficos/core_over_time/metricas_tradicionais/porcentagem_maior_componente
_slide_window_grupo_temporal_web-eps-converted-to.pdf>
Package pdftex.def Info: graficos/core_over_time/metricas_tradicionais/porcenta
gem_maior_componente_slide_window_grupo_temporal_web-eps-converted-to.pdf used 
on input line 60.
(pdftex.def)             Requested size: 119.24586pt x 83.4721pt.

Overfull \hbox (10.80319pt too wide) in paragraph at lines 56--61
 [][][] 
 []

Package epstopdf Info: Source file: <graficos/sigs_metricas_acumuladas_1_em_1_a
no/grau_medio_nodos_grupo_temporal_web.eps>
(epstopdf)                    date: 2013-02-25 21:13:08
(epstopdf)                    size: 28340 bytes
(epstopdf)             Output file: <graficos/sigs_metricas_acumuladas_1_em_1_a
no/grau_medio_nodos_grupo_temporal_web-eps-converted-to.pdf>
(epstopdf)             Command: <repstopdf --outfile=graficos/sigs_metricas_acu
muladas_1_em_1_ano/grau_medio_nodos_grupo_temporal_web-eps-converted-to.pdf gra
ficos/sigs_metricas_acumuladas_1_em_1_ano/grau_medio_nodos_grupo_temporal_web.e
ps>
(epstopdf)             \includegraphics on input line 65.
runsystem(repstopdf --outfile=graficos/sigs_metricas_acumuladas_1_em_1_ano/grau
_medio_nodos_grupo_temporal_web-eps-converted-to.pdf graficos/sigs_metricas_acu
muladas_1_em_1_ano/grau_medio_nodos_grupo_temporal_web.eps)...executed safely (
allowed).

Package epstopdf Info: Result file: <graficos/sigs_metricas_acumuladas_1_em_1_a
no/grau_medio_nodos_grupo_temporal_web-eps-converted-to.pdf>
(epstopdf)                    date: 2014-02-23 10:12:07
(epstopdf)                    size: 14348 bytes.

<graficos/sigs_metricas_acumuladas_1_em_1_ano/grau_medio_nodos_grupo_temporal_w
eb-eps-converted-to.pdf, id=68, 361.35pt x 252.945pt>
File: graficos/sigs_metricas_acumuladas_1_em_1_ano/grau_medio_nodos_grupo_tempo
ral_web-eps-converted-to.pdf Graphic file (type pdf)

<use graficos/sigs_metricas_acumuladas_1_em_1_ano/grau_medio_nodos_grupo_tempor
al_web-eps-converted-to.pdf>
Package pdftex.def Info: graficos/sigs_metricas_acumuladas_1_em_1_ano/grau_medi
o_nodos_grupo_temporal_web-eps-converted-to.pdf used on input line 65.
(pdftex.def)             Requested size: 119.24586pt x 83.4721pt.
Package epstopdf Info: Source file: <graficos/core_over_time/metricas_tradicion
ais/grau_medio_nodos_slide_window_grupo_temporal_web.eps>
(epstopdf)                    date: 2013-02-25 21:13:08
(epstopdf)                    size: 28417 bytes
(epstopdf)             Output file: <graficos/core_over_time/metricas_tradicion
ais/grau_medio_nodos_slide_window_grupo_temporal_web-eps-converted-to.pdf>
(epstopdf)             Command: <repstopdf --outfile=graficos/core_over_time/me
tricas_tradicionais/grau_medio_nodos_slide_window_grupo_temporal_web-eps-conver
ted-to.pdf graficos/core_over_time/metricas_tradicionais/grau_medio_nodos_slide
_window_grupo_temporal_web.eps>
(epstopdf)             \includegraphics on input line 69.
runsystem(repstopdf --outfile=graficos/core_over_time/metricas_tradicionais/gra
u_medio_nodos_slide_window_grupo_temporal_web-eps-converted-to.pdf graficos/cor
e_over_time/metricas_tradicionais/grau_medio_nodos_slide_window_grupo_temporal_
web.eps)...executed safely (allowed).

Package epstopdf Info: Result file: <graficos/core_over_time/metricas_tradicion
ais/grau_medio_nodos_slide_window_grupo_temporal_web-eps-converted-to.pdf>
(epstopdf)                    date: 2014-02-23 10:12:09
(epstopdf)                    size: 14121 bytes.

<graficos/core_over_time/metricas_tradicionais/grau_medio_nodos_slide_window_gr
upo_temporal_web-eps-converted-to.pdf, id=69, 361.35pt x 252.945pt>
File: graficos/core_over_time/metricas_tradicionais/grau_medio_nodos_slide_wind
ow_grupo_temporal_web-eps-converted-to.pdf Graphic file (type pdf)

<use graficos/core_over_time/metricas_tradicionais/grau_medio_nodos_slide_windo
w_grupo_temporal_web-eps-converted-to.pdf>
Package pdftex.def Info: graficos/core_over_time/metricas_tradicionais/grau_med
io_nodos_slide_window_grupo_temporal_web-eps-converted-to.pdf used on input lin
e 69.
(pdftex.def)             Requested size: 119.24586pt x 83.4721pt.

Overfull \hbox (10.80319pt too wide) in paragraph at lines 65--70
 [][][] 
 []


LaTeX Warning: Reference `fig:metrics' on page \thepage  undefined on input lin
e 78.


LaTeX Warning: Citation `mislove-2007-socialnetworks' on page \thepage  undefin
ed on input line 82.


LaTeX Warning: Citation `fourdegrees_facebook' on page \thepage  undefined on i
nput line 82.


LaTeX Warning: Citation `Newman2003' on page \thepage  undefined on input line 
86.


LaTeX Warning: Reference `fig:metrics_comparing_core_community' on page \thepag
e  undefined on input line 103.

[5]
Underfull \vbox (badness 1231) has occurred while \output is active []

Package epstopdf Info: Source file: <graficos/core_over_time/core_community/sig
mod_janela_3_core_coeficiente_agrupamento.eps>
(epstopdf)                    date: 2013-02-25 21:13:07
(epstopdf)                    size: 24331 bytes
(epstopdf)             Output file: <graficos/core_over_time/core_community/sig
mod_janela_3_core_coeficiente_agrupamento-eps-converted-to.pdf>
(epstopdf)             Command: <repstopdf --outfile=graficos/core_over_time/co
re_community/sigmod_janela_3_core_coeficiente_agrupamento-eps-converted-to.pdf 
graficos/core_over_time/core_community/sigmod_janela_3_core_coeficiente_agrupam
ento.eps>
(epstopdf)             \includegraphics on input line 123.
runsystem(repstopdf --outfile=graficos/core_over_time/core_community/sigmod_jan
ela_3_core_coeficiente_agrupamento-eps-converted-to.pdf graficos/core_over_time
/core_community/sigmod_janela_3_core_coeficiente_agrupamento.eps)...executed sa
fely (allowed).

Package epstopdf Info: Result file: <graficos/core_over_time/core_community/sig
mod_janela_3_core_coeficiente_agrupamento-eps-converted-to.pdf>
(epstopdf)                    date: 2014-02-23 10:12:10
(epstopdf)                    size: 9112 bytes.

<graficos/core_over_time/core_community/sigmod_janela_3_core_coeficiente_agrupa
mento-eps-converted-to.pdf, id=73, 361.35pt x 252.945pt>
File: graficos/core_over_time/core_community/sigmod_janela_3_core_coeficiente_a
grupamento-eps-converted-to.pdf Graphic file (type pdf)

<use graficos/core_over_time/core_community/sigmod_janela_3_core_coeficiente_ag
rupamento-eps-converted-to.pdf>
Package pdftex.def Info: graficos/core_over_time/core_community/sigmod_janela_3
_core_coeficiente_agrupamento-eps-converted-to.pdf used on input line 123.
(pdftex.def)             Requested size: 112.01733pt x 78.41214pt.
Package epstopdf Info: Source file: <graficos/core_over_time/core_community/sig
mod_janela_3_core_grau_medio_nodos.eps>
(epstopdf)                    date: 2013-02-25 21:13:07
(epstopdf)                    size: 24337 bytes
(epstopdf)             Output file: <graficos/core_over_time/core_community/sig
mod_janela_3_core_grau_medio_nodos-eps-converted-to.pdf>
(epstopdf)             Command: <repstopdf --outfile=graficos/core_over_time/co
re_community/sigmod_janela_3_core_grau_medio_nodos-eps-converted-to.pdf grafico
s/core_over_time/core_community/sigmod_janela_3_core_grau_medio_nodos.eps>
(epstopdf)             \includegraphics on input line 127.
runsystem(repstopdf --outfile=graficos/core_over_time/core_community/sigmod_jan
ela_3_core_grau_medio_nodos-eps-converted-to.pdf graficos/core_over_time/core_c
ommunity/sigmod_janela_3_core_grau_medio_nodos.eps)...executed safely (allowed)
.

Package epstopdf Info: Result file: <graficos/core_over_time/core_community/sig
mod_janela_3_core_grau_medio_nodos-eps-converted-to.pdf>
(epstopdf)                    date: 2014-02-23 10:12:11
(epstopdf)                    size: 9215 bytes.

<graficos/core_over_time/core_community/sigmod_janela_3_core_grau_medio_nodos-e
ps-converted-to.pdf, id=74, 361.35pt x 252.945pt>
File: graficos/core_over_time/core_community/sigmod_janela_3_core_grau_medio_no
dos-eps-converted-to.pdf Graphic file (type pdf)

<use graficos/core_over_time/core_community/sigmod_janela_3_core_grau_medio_nod
os-eps-converted-to.pdf>
Package pdftex.def Info: graficos/core_over_time/core_community/sigmod_janela_3
_core_grau_medio_nodos-eps-converted-to.pdf used on input line 127.
(pdftex.def)             Requested size: 112.01733pt x 78.41214pt.
Package epstopdf Info: Source file: <graficos/core_over_time/core_community/sig
mod_janela_3_core_maior_componente_conectado.eps>
(epstopdf)                    date: 2013-02-25 21:13:07
(epstopdf)                    size: 24681 bytes
(epstopdf)             Output file: <graficos/core_over_time/core_community/sig
mod_janela_3_core_maior_componente_conectado-eps-converted-to.pdf>
(epstopdf)             Command: <repstopdf --outfile=graficos/core_over_time/co
re_community/sigmod_janela_3_core_maior_componente_conectado-eps-converted-to.p
df graficos/core_over_time/core_community/sigmod_janela_3_core_maior_componente
_conectado.eps>
(epstopdf)             \includegraphics on input line 132.
runsystem(repstopdf --outfile=graficos/core_over_time/core_community/sigmod_jan
ela_3_core_maior_componente_conectado-eps-converted-to.pdf graficos/core_over_t
ime/core_community/sigmod_janela_3_core_maior_componente_conectado.eps)...execu
ted safely (allowed).

Package epstopdf Info: Result file: <graficos/core_over_time/core_community/sig
mod_janela_3_core_maior_componente_conectado-eps-converted-to.pdf>
(epstopdf)                    date: 2014-02-23 10:12:12
(epstopdf)                    size: 9772 bytes.

<graficos/core_over_time/core_community/sigmod_janela_3_core_maior_componente_c
onectado-eps-converted-to.pdf, id=75, 361.35pt x 252.945pt>
File: graficos/core_over_time/core_community/sigmod_janela_3_core_maior_compone
nte_conectado-eps-converted-to.pdf Graphic file (type pdf)

<use graficos/core_over_time/core_community/sigmod_janela_3_core_maior_componen
te_conectado-eps-converted-to.pdf>
Package pdftex.def Info: graficos/core_over_time/core_community/sigmod_janela_3
_core_maior_componente_conectado-eps-converted-to.pdf used on input line 132.
(pdftex.def)             Requested size: 112.01733pt x 78.41214pt.
Package epstopdf Info: Source file: <graficos/core_over_time/core_community/sig
mod_janela_3_core_betweenness.eps>
(epstopdf)                    date: 2013-02-25 21:13:07
(epstopdf)                    size: 24239 bytes
(epstopdf)             Output file: <graficos/core_over_time/core_community/sig
mod_janela_3_core_betweenness-eps-converted-to.pdf>
(epstopdf)             Command: <repstopdf --outfile=graficos/core_over_time/co
re_community/sigmod_janela_3_core_betweenness-eps-converted-to.pdf graficos/cor
e_over_time/core_community/sigmod_janela_3_core_betweenness.eps>
(epstopdf)             \includegraphics on input line 136.
runsystem(repstopdf --outfile=graficos/core_over_time/core_community/sigmod_jan
ela_3_core_betweenness-eps-converted-to.pdf graficos/core_over_time/core_commun
ity/sigmod_janela_3_core_betweenness.eps)...executed safely (allowed).

Package epstopdf Info: Result file: <graficos/core_over_time/core_community/sig
mod_janela_3_core_betweenness-eps-converted-to.pdf>
(epstopdf)                    date: 2014-02-23 10:12:14
(epstopdf)                    size: 9326 bytes.

<graficos/core_over_time/core_community/sigmod_janela_3_core_betweenness-eps-co
nverted-to.pdf, id=76, 361.35pt x 252.945pt>
File: graficos/core_over_time/core_community/sigmod_janela_3_core_betweenness-e
ps-converted-to.pdf Graphic file (type pdf)

<use graficos/core_over_time/core_community/sigmod_janela_3_core_betweenness-ep
s-converted-to.pdf>
Package pdftex.def Info: graficos/core_over_time/core_community/sigmod_janela_3
_core_betweenness-eps-converted-to.pdf used on input line 136.
(pdftex.def)             Requested size: 112.01733pt x 78.41214pt.


LaTeX Warning: Reference `fig:average_core_score' on page \thepage  undefined o
n input line 186.

Package epstopdf Info: Source file: <graficos/average_core_score/average_core_s
core_slide_window_grupo_1_temporal_web.eps>
(epstopdf)                    date: 2013-02-25 21:13:07
(epstopdf)                    size: 25351 bytes
(epstopdf)             Output file: <graficos/average_core_score/average_core_s
core_slide_window_grupo_1_temporal_web-eps-converted-to.pdf>
(epstopdf)             Command: <repstopdf --outfile=graficos/average_core_scor
e/average_core_score_slide_window_grupo_1_temporal_web-eps-converted-to.pdf gra
ficos/average_core_score/average_core_score_slide_window_grupo_1_temporal_web.e
ps>
(epstopdf)             \includegraphics on input line 195.
runsystem(repstopdf --outfile=graficos/average_core_score/average_core_score_sl
ide_window_grupo_1_temporal_web-eps-converted-to.pdf graficos/average_core_scor
e/average_core_score_slide_window_grupo_1_temporal_web.eps)...executed safely (
allowed).

Package epstopdf Info: Result file: <graficos/average_core_score/average_core_s
core_slide_window_grupo_1_temporal_web-eps-converted-to.pdf>
(epstopdf)                    date: 2014-02-23 10:12:15
(epstopdf)                    size: 9885 bytes.

<graficos/average_core_score/average_core_score_slide_window_grupo_1_temporal_w
eb-eps-converted-to.pdf, id=77, 361.35pt x 252.945pt>
File: graficos/average_core_score/average_core_score_slide_window_grupo_1_tempo
ral_web-eps-converted-to.pdf Graphic file (type pdf)

<use graficos/average_core_score/average_core_score_slide_window_grupo_1_tempor
al_web-eps-converted-to.pdf>
Package pdftex.def Info: graficos/average_core_score/average_core_score_slide_w
indow_grupo_1_temporal_web-eps-converted-to.pdf used on input line 195.
(pdftex.def)             Requested size: 117.43735pt x 82.20615pt.
Package epstopdf Info: Source file: <graficos/average_core_score/average_core_s
core_slide_window_grupo_2_temporal_web.eps>
(epstopdf)                    date: 2013-02-25 21:13:07
(epstopdf)                    size: 25064 bytes
(epstopdf)             Output file: <graficos/average_core_score/average_core_s
core_slide_window_grupo_2_temporal_web-eps-converted-to.pdf>
(epstopdf)             Command: <repstopdf --outfile=graficos/average_core_scor
e/average_core_score_slide_window_grupo_2_temporal_web-eps-converted-to.pdf gra
ficos/average_core_score/average_core_score_slide_window_grupo_2_temporal_web.e
ps>
(epstopdf)             \includegraphics on input line 196.
runsystem(repstopdf --outfile=graficos/average_core_score/average_core_score_sl
ide_window_grupo_2_temporal_web-eps-converted-to.pdf graficos/average_core_scor
e/average_core_score_slide_window_grupo_2_temporal_web.eps)...executed safely (
allowed).

Package epstopdf Info: Result file: <graficos/average_core_score/average_core_s
core_slide_window_grupo_2_temporal_web-eps-converted-to.pdf>
(epstopdf)                    date: 2014-02-23 10:12:16
(epstopdf)                    size: 9667 bytes.

<graficos/average_core_score/average_core_score_slide_window_grupo_2_temporal_w
eb-eps-converted-to.pdf, id=78, 361.35pt x 252.945pt>
File: graficos/average_core_score/average_core_score_slide_window_grupo_2_tempo
ral_web-eps-converted-to.pdf Graphic file (type pdf)

<use graficos/average_core_score/average_core_score_slide_window_grupo_2_tempor
al_web-eps-converted-to.pdf>
Package pdftex.def Info: graficos/average_core_score/average_core_score_slide_w
indow_grupo_2_temporal_web-eps-converted-to.pdf used on input line 196.
(pdftex.def)             Requested size: 117.43735pt x 82.20615pt.


LaTeX Warning: Reference `tab:correlation_metrics' on page \thepage  undefined 
on input line 206.

[6 <./graficos/sigs_metricas_acumuladas_1_em_1_ano/assortatividade_grupo_tempor
al_web-eps-converted-to.pdf> <./graficos/core_over_time/metricas_tradicionais/a
ssortatividade_slide_window_grupo_temporal_web-eps-converted-to.pdf> <./grafico
s/sigs_metricas_acumuladas_1_em_1_ano/caminho_minimo_medio_grupo_temporal_web-e
ps-converted-to.pdf> <./graficos/core_over_time/metricas_tradicionais/caminho_m
inimo_medio_slide_window_grupo_temporal_web-eps-converted-to.pdf> <./graficos/s
igs_metricas_acumuladas_1_em_1_ano/coeficiente_agrupamento_grupo_temporal_web-e
ps-converted-to.pdf> <./graficos/core_over_time/metricas_tradicionais/coeficien
te_agrupamento_slide_window_grupo_temporal_web-eps-converted-to.pdf> <./grafico
s/sigs_metricas_acumuladas_1_em_1_ano/porcentagem_maior_componente_grupo_tempor
al_web-eps-converted-to.pdf> <./graficos/core_over_time/metricas_tradicionais/p
orcentagem_maior_componente_slide_window_grupo_temporal_web-eps-converted-to.pd
f> <./graficos/sigs_metricas_acumuladas_1_em_1_ano/grau_medio_nodos_grupo_tempo
ral_web-eps-converted-to.pdf> <./graficos/core_over_time/metricas_tradicionais/
grau_medio_nodos_slide_window_grupo_temporal_web-eps-converted-to.pdf> <./grafi
cos/core_over_time/core_community/sigmod_janela_3_core_coeficiente_agrupamento-
eps-converted-to.pdf> <./graficos/core_over_time/core_community/sigmod_janela_3
_core_grau_medio_nodos-eps-converted-to.pdf> <./graficos/core_over_time/core_co
mmunity/sigmod_janela_3_core_maior_componente_conectado-eps-converted-to.pdf> <
./graficos/core_over_time/core_community/sigmod_janela_3_core_betweenness-eps-c
onverted-to.pdf>]) (./conclusion.tex) [7 <./graficos/average_core_score/average
_core_score_slide_window_grupo_1_temporal_web-eps-converted-to.pdf> <./graficos
/average_core_score/average_core_score_slide_window_grupo_2_temporal_web-eps-co
nverted-to.pdf>] [8] (./www-workshop.aux)

LaTeX Warning: There were undefined references.


LaTeX Warning: Label(s) may have changed. Rerun to get cross-references right.

 ) 
Here is how much of TeX's memory you used:
 3389 strings out of 493315
 53014 string characters out of 6137904
 123066 words of memory out of 5000000
 6690 multiletter control sequences out of 15000+600000
 60119 words of font info for 86 fonts, out of 8000000 for 9000
 957 hyphenation exceptions out of 8191
 41i,11n,28p,290b,318s stack positions out of 5000i,500n,10000p,200000b,80000s
{/usr/local/texlive/2013/texmf-dist/fonts/enc/dvips/base/8r.enc}</usr/local/t
exlive/2013/texmf-dist/fonts/type1/public/amsfonts/cm/cmbx8.pfb></usr/local/tex
live/2013/texmf-dist/fonts/type1/public/amsfonts/cm/cmbx9.pfb></usr/local/texli
ve/2013/texmf-dist/fonts/type1/public/amsfonts/cm/cmmi6.pfb></usr/local/texlive
/2013/texmf-dist/fonts/type1/public/amsfonts/cm/cmmi9.pfb></usr/local/texlive/2
013/texmf-dist/fonts/type1/public/amsfonts/cm/cmr6.pfb></usr/local/texlive/2013
/texmf-dist/fonts/type1/public/amsfonts/cm/cmr8.pfb></usr/local/texlive/2013/te
xmf-dist/fonts/type1/public/amsfonts/cm/cmr9.pfb></usr/local/texlive/2013/texmf
-dist/fonts/type1/public/amsfonts/cm/cmsy9.pfb></usr/local/texlive/2013/texmf-d
ist/fonts/type1/public/amsfonts/cm/cmti9.pfb></usr/local/texlive/2013/texmf-dis
t/fonts/type1/urw/helvetic/uhvb8a.pfb></usr/local/texlive/2013/texmf-dist/fonts
/type1/urw/helvetic/uhvr8a.pfb></usr/local/texlive/2013/texmf-dist/fonts/type1/
urw/times/utmb8a.pfb></usr/local/texlive/2013/texmf-dist/fonts/type1/urw/times/
utmr8a.pfb></usr/local/texlive/2013/texmf-dist/fonts/type1/urw/times/utmri8a.pf
b>
Output written on www-workshop.pdf (8 pages, 411320 bytes).
PDF statistics:
 222 PDF objects out of 1000 (max. 8388607)
 154 compressed objects within 2 object streams
 0 named destinations out of 1000 (max. 500000)
 106 words of extra memory for PDF output out of 10000 (max. 10000000)

