This is pdfTeX, Version 3.1415926-2.4-1.40.13 (TeX Live 2012/Debian) (format=latex 2013.5.8)  13 SEP 2013 18:04
entering extended mode
 restricted \write18 enabled.
 %&-line parsing enabled.
**dissertacao-brunoleite.tex
(./dissertacao-brunoleite.tex
LaTeX2e <2011/06/27>
Babel <v3.8m> and hyphenation patterns for english, dumylang, nohyphenation, lo
aded.
(./ppgccufmg.cls
Document Class: ppgccufmg 2012/09/17 v1.51 Classe para dissertacoes, teses e pr
opostas de tese no formato PPGCC/ICEx/UFMG
(/usr/share/texlive/texmf-dist/tex/latex/graphics/keyval.sty
Package: keyval 1999/03/16 v1.13 key=value parser (DPC)
\KV@toks@=\toks14
)
(/usr/share/texlive/texmf-dist/tex/latex/setspace/setspace.sty
Package: setspace 2011/12/19 v6.7a set line spacing
)
(/usr/share/texlive/texmf-dist/tex/latex/textpos/textpos.sty
Package: textpos 2012/06/01 v1.7h

Package: textpos 2012/06/01 1.7h, absolute positioning of text on the page
\TP@textbox=\box26
\TPHorizModule=\dimen102
\TPVertModule=\dimen103
\TP@margin=\dimen104
\TP@absmargin=\dimen105
Grid set 16 x 16 = 0.0pt x 0.0pt
\TPboxrulesize=\dimen106
\TP@tbargs=\toks15
\TP@prevdepth=\dimen107
) (/usr/share/texlive/texmf-dist/tex/latex/etextools/etextools.sty
Package: etextools 2010/12/07 v3.1415926 e-TeX more useful tools for LaTeX pack
age writers

(/usr/share/texlive/texmf-dist/tex/latex/etex-pkg/etex.sty
Package: etex 1998/03/26 v2.0 eTeX basic definition package (PEB)
\et@xins=\count79
)
(/usr/share/texlive/texmf-dist/tex/latex/etoolbox/etoolbox.sty
Package: etoolbox 2011/01/03 v2.1 e-TeX tools for LaTeX
\etb@tempcnta=\count80
)
(/usr/share/texlive/texmf-dist/tex/latex/oberdiek/letltxmacro.sty
Package: letltxmacro 2010/09/02 v1.4 Let assignment for LaTeX macros (HO)
)
\ettl@fter=\count81
\ettl@for@nested=\count277
)
\ppgcc@approvalwidth=\skip41
\ppgcc@approvalvertadjust=\skip42

(/usr/share/texlive/texmf-dist/tex/latex/memoir/memoir.cls
Document Class: memoir 2011/03/06 v3.6j configurable book, report, article docu
ment class
\onelineskip=\skip43
\lxvchars=\skip44
\xlvchars=\skip45
\@memcnta=\count82
\c@@memmarkcntra=\count83
(/usr/share/texlive/texmf-dist/tex/generic/oberdiek/ifpdf.sty
Package: ifpdf 2011/01/30 v2.3 Provides the ifpdf switch (HO)
Package ifpdf Info: pdfTeX in PDF mode is not detected.
)
Class memoir Info: An `ifetex' package is being emulated on input line 251.

(/usr/share/texlive/texmf-dist/tex/generic/ifxetex/ifxetex.sty
Package: ifxetex 2010/09/12 v0.6 Provides ifxetex conditional
)
(/usr/share/texlive/texmf-dist/tex/generic/oberdiek/ifluatex.sty
Package: ifluatex 2010/03/01 v1.3 Provides the ifluatex switch (HO)
Package ifluatex Info: LuaTeX not detected.
)
\stockheight=\skip46
\stockwidth=\skip47
\trimtop=\skip48
\trimedge=\skip49

(/usr/share/texlive/texmf-dist/tex/latex/memoir/mem12.clo
File: mem12.clo 2010/10/19 v0.4b memoir class 12pt size option
)
\binding=\skip50
\spinemargin=\skip51
\foremargin=\skip52
\uppermargin=\skip53
\lowermargin=\skip54
\headdrop=\skip55
\normalrulethickness=\skip56
\mem@maxheadheight=\skip57
\mem@maxfootheight=\skip58
\headwidth=\skip59
\c@storedpagenumber=\count84
\memPD=\dimen108
\m@mabparskip=\skip60
\thanksmarkwidth=\skip61
\thanksmarksep=\skip62
\droptitle=\skip63
\c@book=\count85
\c@part=\count86
\c@chapter=\count87
\c@section=\count88
\c@subsection=\count89
\c@subsubsection=\count90
\c@paragraph=\count91
\c@subparagraph=\count92
\beforechapskip=\skip64
\midchapskip=\skip65
\afterchapskip=\skip66
\chapindent=\skip67
\bottomsectionskip=\skip68
\secindent=\skip69
\beforesecskip=\skip70
\aftersecskip=\skip71
\subsecindent=\skip72
\beforesubsecskip=\skip73
\aftersubsecskip=\skip74
\subsubsecindent=\skip75
\beforesubsubsecskip=\skip76
\aftersubsubsecskip=\skip77
\paraindent=\skip78
\beforeparaskip=\skip79
\afterparaskip=\skip80
\subparaindent=\skip81
\beforesubparaskip=\skip82
\aftersubparaskip=\skip83
\pfbreakskip=\skip84
\c@@ppsavesec=\count93
\c@@ppsaveapp=\count94
\ragrparindent=\dimen109
\everylistparindent=\dimen110
\parsepi=\skip85
\topsepi=\skip86
\itemsepi=\skip87
\parsepii=\skip88
\topsepii=\skip89
\topsepiii=\skip90
\itemsepii=\skip91
\itemsepiii=\skip92
\partopsepii=\skip93
\partopsepiii=\skip94
\m@msavetopsep=\skip95
\m@msavepartopsep=\skip96
\@enLab=\toks16
\abstitleskip=\skip97
\absleftindent=\skip98
\abs@leftindent=\dimen111
\absrightindent=\skip99
\absparindent=\skip100
\absparsep=\skip101
\c@vslineno=\count95
\c@poemline=\count96
\c@modulo@vs=\count97
\c@memfvsline=\count98
\vleftskip=\skip102
\vrightskip=\skip103
\stanzaskip=\skip104
\versewidth=\skip105
\vgap=\skip106
\vindent=\skip107
\vleftmargin=\dimen112
\c@verse=\count99
\c@chrsinstr=\count100
\beforepoemtitleskip=\skip108
\afterpoemtitleskip=\skip109
\c@poem=\count101
\beforePoemTitleskip=\skip110
\midPoemTitleskip=\skip111
\afterPoemTitleskip=\skip112
\col@sep=\dimen113
\extrarowheight=\dimen114
\NC@list=\toks17
\extratabsurround=\skip113
\backup@length=\skip114
\TX@col@width=\dimen115
\TX@old@table=\dimen116
\TX@old@col=\dimen117
\TX@target=\dimen118
\TX@delta=\dimen119
\TX@cols=\count102
\TX@ftn=\toks18
\heavyrulewidth=\dimen120
\lightrulewidth=\dimen121
\cmidrulewidth=\dimen122
\belowrulesep=\dimen123
\belowbottomsep=\dimen124
\aboverulesep=\dimen125
\abovetopsep=\dimen126
\cmidrulesep=\dimen127
\cmidrulekern=\dimen128
\defaultaddspace=\dimen129
\@cmidla=\count103
\@cmidlb=\count104
\@aboverulesep=\dimen130
\@belowrulesep=\dimen131
\@thisruleclass=\count105
\@lastruleclass=\count106
\@thisrulewidth=\dimen132
\ctableftskip=\skip115
\ctabrightskip=\skip116
\abovecolumnspenalty=\count107
\@linestogo=\count108
\@cellstogo=\count109
\@cellsincolumn=\count110
\crtok=\toks19
\@mincolumnwidth=\dimen133
\c@newflo@tctr=\count111
\mem@margin@floatbox=\box27
\@contcwidth=\skip117
\@contindw=\skip118
\abovecaptionskip=\skip119
\belowcaptionskip=\skip120
\subfloattopskip=\skip121
\subfloatcapskip=\skip122
\subfloatcaptopadj=\skip123
\subfloatbottomskip=\skip124
\subfloatlabelskip=\skip125
\subfloatcapmargin=\dimen134
\c@@contsubnum=\count112
\m@mscap@capbox=\box28
\m@mscap@fbox=\box29
\sidecapsep=\dimen135
\sidecapwidth=\dimen136
\m@m@tempdima=\dimen137
\m@mscapraise=\dimen138
\sidecapraise=\dimen139
\m@mscapmainwidth=\dimen140
\m@mscaplkern=\dimen141
\beforeepigraphskip=\skip126
\afterepigraphskip=\skip127
\epigraphwidth=\skip128
\epigraphrule=\skip129
LaTeX Info: Redefining \em on input line 7377.
LaTeX Info: Redefining \emph on input line 7385.
\tocentryskip=\skip130
\tocbaseline=\skip131
\cftparskip=\skip132
\cftbeforebookskip=\skip133
\cftbookindent=\dimen142
\cftbooknumwidth=\dimen143
\cftbeforepartskip=\skip134
\cftpartindent=\skip135
\cftpartnumwidth=\skip136
\cftbeforechapterskip=\skip137
\cftchapterindent=\skip138
\cftchapternumwidth=\skip139
\cftbeforesectionskip=\skip140
\cftsectionindent=\skip141
\cftsectionnumwidth=\skip142
\cftbeforesubsectionskip=\skip143
\cftsubsectionindent=\skip144
\cftsubsectionnumwidth=\skip145
\cftbeforesubsubsectionskip=\skip146
\cftsubsubsectionindent=\skip147
\cftsubsubsectionnumwidth=\skip148
\cftbeforeparagraphskip=\skip149
\cftparagraphindent=\skip150
\cftparagraphnumwidth=\skip151
\cftbeforesubparagraphskip=\skip152
\cftsubparagraphindent=\skip153
\cftsubparagraphnumwidth=\skip154
\prechapterprecisshift=\dimen144
\c@maxsecnumdepth=\count113
\bibindent=\dimen145
\bibitemsep=\skip155
\indexcolsep=\skip156
\indexrule=\skip157
\indexmarkstyle=\toks20
\@indexbox=\insert233
\glossarycolsep=\dimen146
\glossaryrule=\dimen147
\sideparvshift=\skip158
\sideins=\insert232
\sidebartopsep=\skip159
\sidebarhsep=\skip160
\sidebarvsep=\skip161
\sidebarwidth=\skip162
\footmarkwidth=\skip163
\footmarksep=\skip164
\footparindent=\skip165
\footinsdim=\skip166
\footinsv@r=\insert231
\@mpfootinsv@r=\insert230
\m@m@k=\count114
\m@m@h=\dimen148
\m@mipn@skip=\skip167
\sidefootins=\insert229
\sidefootadjust=\skip168
\sidefootheight=\skip169
\sidefoothsep=\skip170
\sidefootvsep=\skip171
\sidefootwidth=\skip172
\m@mdownsf=\skip173
\c@sidefootnote=\count115
\sidefootmarkwidth=\skip174
\sidefootmarksep=\skip175
\sidefootparindent=\skip176
\c@pagenote=\count116
\c@pagenoteshadow=\count117
\mem@pn@lastkern=\skip177
\every@verbatim=\toks21
\afterevery@verbatim=\toks22
\verbatim@line=\toks23
\tab@position=\count118
\verbatim@in@stream=\read1
\verbatimindent=\skip178
\verbatim@out=\write3
\bvboxsep=\skip179
\c@memfbvline=\count119
\c@bvlinectr=\count120
\bvnumlength=\skip180
\fb@frw=\dimen149
\fb@frh=\dimen150
\FrameRule=\dimen151
\FrameSep=\dimen152
\c@cp@cntr=\count121
LaTeX Info: Redefining \: on input line 11807.
LaTeX Info: Redefining \! on input line 11809.
\c@ism@mctr=\count122
\c@xsm@mctr=\count123
\c@csm@mctr=\count124
\c@ksm@mctr=\count125
\c@xksm@mctr=\count126
\c@cksm@mctr=\count127
\c@msm@mctr=\count128
\c@xmsm@mctr=\count129
\c@cmsm@mctr=\count130
\c@bsm@mctr=\count131
\c@workm@mctr=\count132
\c@sheetsequence=\count133
\c@lastsheet=\count134
\c@lastpage=\count135
\c@figure=\count136
\c@lofdepth=\count137
\cftbeforefigureskip=\skip181
\cftfigureindent=\skip182
\cftfigurenumwidth=\skip183
\c@table=\count138
\c@lotdepth=\count139
\cftbeforetableskip=\skip184
\cfttableindent=\skip185
\cfttablenumwidth=\skip186
Package abstract [2008/07/23] emulated by memoir.
Package appendix [2008/07/23] emulated by memoir.
Package array [2008/07/23] emulated by memoir.
Package booktabs [2008/07/23] emulated by memoir.
Package ccaption [2008/07/23] emulated by memoir.
Package changepage [2008/07/23] emulated by memoir.
Package chngcntr [2008/07/23] emulated by memoir.
Package chngpage [2008/07/23] emulated by memoir.
Package crop emulated by memoir.
Package dcolumn [2008/07/23] emulated by memoir.
Package delarray [2008/07/23] emulated by memoir.
Package enumerate [2008/07/23] emulated by memoir.
Package epigraph [2008/07/23] emulated by memoir.
Package ifmtarg [2008/07/23] emulated by memoir.
Package ifetex [2008/07/23] emulated by memoir.
Package index [2008/07/23] emulated by memoir.
Package makeidx [2008/07/23] emulated by memoir.
Package moreverb [2008/07/23] emulated by memoir.
Package mparhack [2008/07/23] emulated by memoir.
Package needspace [2008/07/23] emulated by memoir.
Package newfile [2008/07/23] emulated by memoir.
Package nextpage [2008/07/23] emulated by memoir.
Package pagenote [2008/07/23] emulated by memoir.
Package parskip [2008/07/23] emulated by memoir.
Package patchcmd [2008/07/23] emulated by memoir.
Package setspace [2008/07/23] emulated by memoir.
Package shortvrb [2008/07/23] emulated by memoir.
Package showidx [2008/07/23] emulated by memoir.
Package tabularx [2008/07/23] emulated by memoir.
Package titleref [2008/07/23] emulated by memoir.
Package titling [2008/07/23] emulated by memoir.
Package tocbibind [2008/07/23] emulated by memoir.
Package tocloft [2008/07/23] emulated by memoir.
Package tocvsec2 [2008/07/23] emulated by memoir.
Package verbatim [2008/07/23] emulated by memoir.
Package verse [2008/07/23] emulated by memoir.

(/usr/share/texlive/texmf-dist/tex/latex/memoir/mempatch.sty
Package: mempatch 2009/07/24 v6.0f Patches for memoir class v1.6180339
))

******************************************************
Stock height and width: 845.04684pt by 597.50787pt
Top and edge trims: 0pt and 0pt
Page height and width: 845.04684pt by 597.50787pt
Text height and width: 660.10394pt by 441pt
Spine and edge margins: 85.35826pt and 71.13188pt
Upper and lower margins: 99.58464pt and 85.35826pt
Headheight and headsep: 14.5pt and 28.17914pt
Footskip: 28.45274pt
Columnsep and columnseprule: 10pt and 0pt
Marginparsep and marginparwidth: 7pt and 92pt
Sidecapsep and sidecapwidth: 7pt and 92pt
Sidebarhsep and sidebarwidth: 7pt and 92pt
Sidebarvsep and sidebartopsep: 14.5pt and 0pt
Sidebarheight: 590.14995pt
Sidefoothsep and sidefootwidth: 7pt and 92pt
Sidefootvsep and sidefootheight: 14.5pt and 590.14995pt
******************************************************

\c@ppgcc@fc@frontpages=\count140
\ppgcc@l@fc@width=\skip187
\ppgcc@l@fc@seccolwidth=\skip188
\ppgcc@l@fc@firstcolwidth=\skip189
\c@ppgcc@c@abstract=\count141
\c@ppgcc@c@dedication=\count142
\c@ppgcc@c@ack=\count143
\ppgcc@captionwidth=\skip190
) (/usr/share/texlive/texmf-dist/tex/generic/babel/babel.sty
Package: babel 2008/07/08 v3.8m The Babel package

(/usr/share/texlive/texmf-dist/tex/generic/babel/portuges.ldf
Language: portuges 2008/03/18 v1.2q Portuguese support from the babel system

(/usr/share/texlive/texmf-dist/tex/generic/babel/babel.def
File: babel.def 2008/07/08 v3.8m Babel common definitions
\babel@savecnt=\count144
\U@D=\dimen153
)

Package babel Warning: No hyphenation patterns were loaded for
(babel)                the language `Portuguese'
(babel)                I will use the patterns loaded for \language=0 instead.

\l@portuges = a dialect from \language0
\l@brazil = a dialect from \language\l@portuges 
Package babel Info: Making " an active character on input line 145.
)) (/usr/share/texlive/texmf-dist/tex/latex/base/inputenc.sty
Package: inputenc 2008/03/30 v1.1d Input encoding file
\inpenc@prehook=\toks24
\inpenc@posthook=\toks25

(/usr/share/texlive/texmf-dist/tex/latex/base/utf8.def
File: utf8.def 2008/04/05 v1.1m UTF-8 support for inputenc
Now handling font encoding OML ...
... no UTF-8 mapping file for font encoding OML
Now handling font encoding T1 ...
... processing UTF-8 mapping file for font encoding T1

(/usr/share/texlive/texmf-dist/tex/latex/base/t1enc.dfu
File: t1enc.dfu 2008/04/05 v1.1m UTF-8 support for inputenc
   defining Unicode char U+00A1 (decimal 161)
   defining Unicode char U+00A3 (decimal 163)
   defining Unicode char U+00AB (decimal 171)
   defining Unicode char U+00BB (decimal 187)
   defining Unicode char U+00BF (decimal 191)
   defining Unicode char U+00C0 (decimal 192)
   defining Unicode char U+00C1 (decimal 193)
   defining Unicode char U+00C2 (decimal 194)
   defining Unicode char U+00C3 (decimal 195)
   defining Unicode char U+00C4 (decimal 196)
   defining Unicode char U+00C5 (decimal 197)
   defining Unicode char U+00C6 (decimal 198)
   defining Unicode char U+00C7 (decimal 199)
   defining Unicode char U+00C8 (decimal 200)
   defining Unicode char U+00C9 (decimal 201)
   defining Unicode char U+00CA (decimal 202)
   defining Unicode char U+00CB (decimal 203)
   defining Unicode char U+00CC (decimal 204)
   defining Unicode char U+00CD (decimal 205)
   defining Unicode char U+00CE (decimal 206)
   defining Unicode char U+00CF (decimal 207)
   defining Unicode char U+00D0 (decimal 208)
   defining Unicode char U+00D1 (decimal 209)
   defining Unicode char U+00D2 (decimal 210)
   defining Unicode char U+00D3 (decimal 211)
   defining Unicode char U+00D4 (decimal 212)
   defining Unicode char U+00D5 (decimal 213)
   defining Unicode char U+00D6 (decimal 214)
   defining Unicode char U+00D8 (decimal 216)
   defining Unicode char U+00D9 (decimal 217)
   defining Unicode char U+00DA (decimal 218)
   defining Unicode char U+00DB (decimal 219)
   defining Unicode char U+00DC (decimal 220)
   defining Unicode char U+00DD (decimal 221)
   defining Unicode char U+00DE (decimal 222)
   defining Unicode char U+00DF (decimal 223)
   defining Unicode char U+00E0 (decimal 224)
   defining Unicode char U+00E1 (decimal 225)
   defining Unicode char U+00E2 (decimal 226)
   defining Unicode char U+00E3 (decimal 227)
   defining Unicode char U+00E4 (decimal 228)
   defining Unicode char U+00E5 (decimal 229)
   defining Unicode char U+00E6 (decimal 230)
   defining Unicode char U+00E7 (decimal 231)
   defining Unicode char U+00E8 (decimal 232)
   defining Unicode char U+00E9 (decimal 233)
   defining Unicode char U+00EA (decimal 234)
   defining Unicode char U+00EB (decimal 235)
   defining Unicode char U+00EC (decimal 236)
   defining Unicode char U+00ED (decimal 237)
   defining Unicode char U+00EE (decimal 238)
   defining Unicode char U+00EF (decimal 239)
   defining Unicode char U+00F0 (decimal 240)
   defining Unicode char U+00F1 (decimal 241)
   defining Unicode char U+00F2 (decimal 242)
   defining Unicode char U+00F3 (decimal 243)
   defining Unicode char U+00F4 (decimal 244)
   defining Unicode char U+00F5 (decimal 245)
   defining Unicode char U+00F6 (decimal 246)
   defining Unicode char U+00F8 (decimal 248)
   defining Unicode char U+00F9 (decimal 249)
   defining Unicode char U+00FA (decimal 250)
   defining Unicode char U+00FB (decimal 251)
   defining Unicode char U+00FC (decimal 252)
   defining Unicode char U+00FD (decimal 253)
   defining Unicode char U+00FE (decimal 254)
   defining Unicode char U+00FF (decimal 255)
   defining Unicode char U+0102 (decimal 258)
   defining Unicode char U+0103 (decimal 259)
   defining Unicode char U+0104 (decimal 260)
   defining Unicode char U+0105 (decimal 261)
   defining Unicode char U+0106 (decimal 262)
   defining Unicode char U+0107 (decimal 263)
   defining Unicode char U+010C (decimal 268)
   defining Unicode char U+010D (decimal 269)
   defining Unicode char U+010E (decimal 270)
   defining Unicode char U+010F (decimal 271)
   defining Unicode char U+0110 (decimal 272)
   defining Unicode char U+0111 (decimal 273)
   defining Unicode char U+0118 (decimal 280)
   defining Unicode char U+0119 (decimal 281)
   defining Unicode char U+011A (decimal 282)
   defining Unicode char U+011B (decimal 283)
   defining Unicode char U+011E (decimal 286)
   defining Unicode char U+011F (decimal 287)
   defining Unicode char U+0130 (decimal 304)
   defining Unicode char U+0131 (decimal 305)
   defining Unicode char U+0132 (decimal 306)
   defining Unicode char U+0133 (decimal 307)
   defining Unicode char U+0139 (decimal 313)
   defining Unicode char U+013A (decimal 314)
   defining Unicode char U+013D (decimal 317)
   defining Unicode char U+013E (decimal 318)
   defining Unicode char U+0141 (decimal 321)
   defining Unicode char U+0142 (decimal 322)
   defining Unicode char U+0143 (decimal 323)
   defining Unicode char U+0144 (decimal 324)
   defining Unicode char U+0147 (decimal 327)
   defining Unicode char U+0148 (decimal 328)
   defining Unicode char U+014A (decimal 330)
   defining Unicode char U+014B (decimal 331)
   defining Unicode char U+0150 (decimal 336)
   defining Unicode char U+0151 (decimal 337)
   defining Unicode char U+0152 (decimal 338)
   defining Unicode char U+0153 (decimal 339)
   defining Unicode char U+0154 (decimal 340)
   defining Unicode char U+0155 (decimal 341)
   defining Unicode char U+0158 (decimal 344)
   defining Unicode char U+0159 (decimal 345)
   defining Unicode char U+015A (decimal 346)
   defining Unicode char U+015B (decimal 347)
   defining Unicode char U+015E (decimal 350)
   defining Unicode char U+015F (decimal 351)
   defining Unicode char U+0160 (decimal 352)
   defining Unicode char U+0161 (decimal 353)
   defining Unicode char U+0162 (decimal 354)
   defining Unicode char U+0163 (decimal 355)
   defining Unicode char U+0164 (decimal 356)
   defining Unicode char U+0165 (decimal 357)
   defining Unicode char U+016E (decimal 366)
   defining Unicode char U+016F (decimal 367)
   defining Unicode char U+0170 (decimal 368)
   defining Unicode char U+0171 (decimal 369)
   defining Unicode char U+0178 (decimal 376)
   defining Unicode char U+0179 (decimal 377)
   defining Unicode char U+017A (decimal 378)
   defining Unicode char U+017B (decimal 379)
   defining Unicode char U+017C (decimal 380)
   defining Unicode char U+017D (decimal 381)
   defining Unicode char U+017E (decimal 382)
   defining Unicode char U+200C (decimal 8204)
   defining Unicode char U+2013 (decimal 8211)
   defining Unicode char U+2014 (decimal 8212)
   defining Unicode char U+2018 (decimal 8216)
   defining Unicode char U+2019 (decimal 8217)
   defining Unicode char U+201A (decimal 8218)
   defining Unicode char U+201C (decimal 8220)
   defining Unicode char U+201D (decimal 8221)
   defining Unicode char U+201E (decimal 8222)
   defining Unicode char U+2030 (decimal 8240)
   defining Unicode char U+2031 (decimal 8241)
   defining Unicode char U+2039 (decimal 8249)
   defining Unicode char U+203A (decimal 8250)
   defining Unicode char U+2423 (decimal 9251)
)
Now handling font encoding OT1 ...
... processing UTF-8 mapping file for font encoding OT1

(/usr/share/texlive/texmf-dist/tex/latex/base/ot1enc.dfu
File: ot1enc.dfu 2008/04/05 v1.1m UTF-8 support for inputenc
   defining Unicode char U+00A1 (decimal 161)
   defining Unicode char U+00A3 (decimal 163)
   defining Unicode char U+00B8 (decimal 184)
   defining Unicode char U+00BF (decimal 191)
   defining Unicode char U+00C5 (decimal 197)
   defining Unicode char U+00C6 (decimal 198)
   defining Unicode char U+00D8 (decimal 216)
   defining Unicode char U+00DF (decimal 223)
   defining Unicode char U+00E6 (decimal 230)
   defining Unicode char U+00EC (decimal 236)
   defining Unicode char U+00ED (decimal 237)
   defining Unicode char U+00EE (decimal 238)
   defining Unicode char U+00EF (decimal 239)
   defining Unicode char U+00F8 (decimal 248)
   defining Unicode char U+0131 (decimal 305)
   defining Unicode char U+0141 (decimal 321)
   defining Unicode char U+0142 (decimal 322)
   defining Unicode char U+0152 (decimal 338)
   defining Unicode char U+0153 (decimal 339)
   defining Unicode char U+2013 (decimal 8211)
   defining Unicode char U+2014 (decimal 8212)
   defining Unicode char U+2018 (decimal 8216)
   defining Unicode char U+2019 (decimal 8217)
   defining Unicode char U+201C (decimal 8220)
   defining Unicode char U+201D (decimal 8221)
)
Now handling font encoding OMS ...
... processing UTF-8 mapping file for font encoding OMS

(/usr/share/texlive/texmf-dist/tex/latex/base/omsenc.dfu
File: omsenc.dfu 2008/04/05 v1.1m UTF-8 support for inputenc
   defining Unicode char U+00A7 (decimal 167)
   defining Unicode char U+00B6 (decimal 182)
   defining Unicode char U+00B7 (decimal 183)
   defining Unicode char U+2020 (decimal 8224)
   defining Unicode char U+2021 (decimal 8225)
   defining Unicode char U+2022 (decimal 8226)
)
Now handling font encoding OMX ...
... no UTF-8 mapping file for font encoding OMX
Now handling font encoding U ...
... no UTF-8 mapping file for font encoding U
   defining Unicode char U+00A9 (decimal 169)
   defining Unicode char U+00AA (decimal 170)
   defining Unicode char U+00AE (decimal 174)
   defining Unicode char U+00BA (decimal 186)
   defining Unicode char U+02C6 (decimal 710)
   defining Unicode char U+02DC (decimal 732)
   defining Unicode char U+200C (decimal 8204)
   defining Unicode char U+2026 (decimal 8230)
   defining Unicode char U+2122 (decimal 8482)
   defining Unicode char U+2423 (decimal 9251)
))
(/usr/share/texlive/texmf-dist/tex/latex/base/fontenc.sty
Package: fontenc 2005/09/27 v1.99g Standard LaTeX package

(/usr/share/texlive/texmf-dist/tex/latex/base/t1enc.def
File: t1enc.def 2005/09/27 v1.99g Standard LaTeX file
LaTeX Font Info:    Redeclaring font encoding T1 on input line 43.
))
(/usr/share/texmf/tex/latex/cm-super/type1ec.sty
Package: type1ec 2002/09/07 v1.1 Type1 EC font definitions (for CM-Super fonts)


(/usr/share/texlive/texmf-dist/tex/latex/base/t1cmr.fd
File: t1cmr.fd 1999/05/25 v2.5h Standard LaTeX font definitions
))
(/usr/share/texlive/texmf-dist/tex/latex/graphics/graphicx.sty
Package: graphicx 1999/02/16 v1.0f Enhanced LaTeX Graphics (DPC,SPQR)

(/usr/share/texlive/texmf-dist/tex/latex/graphics/graphics.sty
Package: graphics 2009/02/05 v1.0o Standard LaTeX Graphics (DPC,SPQR)

(/usr/share/texlive/texmf-dist/tex/latex/graphics/trig.sty
Package: trig 1999/03/16 v1.09 sin cos tan (DPC)
)
(/usr/share/texlive/texmf-dist/tex/latex/latexconfig/graphics.cfg
File: graphics.cfg 2010/04/23 v1.9 graphics configuration of TeX Live
)
Package graphics Info: Driver file: dvips.def on input line 91.

(/usr/share/texlive/texmf-dist/tex/latex/graphics/dvips.def
File: dvips.def 1999/02/16 v3.0i Driver-dependant file (DPC,SPQR)
))
\Gin@req@height=\dimen154
\Gin@req@width=\dimen155
)
(/usr/share/texlive/texmf-dist/tex/latex/hyperref/hyperref.sty
Package: hyperref 2012/05/13 v6.82q Hypertext links for LaTeX

(/usr/share/texlive/texmf-dist/tex/generic/oberdiek/hobsub-hyperref.sty
Package: hobsub-hyperref 2012/05/28 v1.13 Bundle oberdiek, subset hyperref (HO)


(/usr/share/texlive/texmf-dist/tex/generic/oberdiek/hobsub-generic.sty
Package: hobsub-generic 2012/05/28 v1.13 Bundle oberdiek, subset generic (HO)
Package: hobsub 2012/05/28 v1.13 Construct package bundles (HO)
Package: infwarerr 2010/04/08 v1.3 Providing info/warning/error messages (HO)
Package: ltxcmds 2011/11/09 v1.22 LaTeX kernel commands for general use (HO)
Package hobsub Info: Skipping package `ifluatex' (already loaded).
Package: ifvtex 2010/03/01 v1.5 Detect VTeX and its facilities (HO)
Package ifvtex Info: VTeX not detected.
Package: intcalc 2007/09/27 v1.1 Expandable calculations with integers (HO)
Package hobsub Info: Skipping package `ifpdf' (already loaded).
Package: etexcmds 2011/02/16 v1.5 Avoid name clashes with e-TeX commands (HO)
Package etexcmds Info: Could not find \expanded.
(etexcmds)             That can mean that you are not using pdfTeX 1.50 or
(etexcmds)             that some package has redefined \expanded.
(etexcmds)             In the latter case, load this package earlier.
Package: kvsetkeys 2012/04/25 v1.16 Key value parser (HO)
Package: kvdefinekeys 2011/04/07 v1.3 Define keys (HO)
Package: pdftexcmds 2011/11/29 v0.20 Utility functions of pdfTeX for LuaTeX (HO
)
Package pdftexcmds Info: LuaTeX not detected.
Package pdftexcmds Info: \pdf@primitive is available.
Package pdftexcmds Info: \pdf@ifprimitive is available.
Package pdftexcmds Info: \pdfdraftmode is ignored in DVI mode.
Package: pdfescape 2011/11/25 v1.13 Implements pdfTeX's escape features (HO)
Package: bigintcalc 2012/04/08 v1.3 Expandable calculations on big integers (HO
)
Package: bitset 2011/01/30 v1.1 Handle bit-vector datatype (HO)
Package: uniquecounter 2011/01/30 v1.2 Provide unlimited unique counter (HO)
)
Package hobsub Info: Skipping package `hobsub' (already loaded).
Package hobsub Info: Skipping package `letltxmacro' (already loaded).
Package: hopatch 2012/05/28 v1.2 Wrapper for package hooks (HO)
Package: xcolor-patch 2011/01/30 xcolor patch
Package: atveryend 2011/06/30 v1.8 Hooks at the very end of document (HO)
Package: atbegshi 2011/10/05 v1.16 At begin shipout hook (HO)
Package: refcount 2011/10/16 v3.4 Data extraction from label references (HO)
Package: hycolor 2011/01/30 v1.7 Color options for hyperref/bookmark (HO)
)
(/usr/share/texlive/texmf-dist/tex/latex/oberdiek/kvoptions.sty
Package: kvoptions 2011/06/30 v3.11 Key value format for package options (HO)
)
\@linkdim=\dimen156
\Hy@linkcounter=\count145
\Hy@pagecounter=\count146

(/usr/share/texlive/texmf-dist/tex/latex/hyperref/pd1enc.def
File: pd1enc.def 2012/05/13 v6.82q Hyperref: PDFDocEncoding definition (HO)
Now handling font encoding PD1 ...
... no UTF-8 mapping file for font encoding PD1
)
\Hy@SavedSpaceFactor=\count147

(/usr/share/texlive/texmf-dist/tex/latex/latexconfig/hyperref.cfg
File: hyperref.cfg 2002/06/06 v1.2 hyperref configuration of TeXLive
)

Package hyperref Warning: Option `a4paper' is no longer used.

Package hyperref Info: Option `bookmarks' set `true' on input line 3941.
Package hyperref Info: Option `bookmarksnumbered' set `true' on input line 3941
.
Package hyperref Info: Option `linktocpage' set `true' on input line 3941.
Package hyperref Info: Option `colorlinks' set `true' on input line 3941.
Package hyperref Info: Hyper figures OFF on input line 4062.
Package hyperref Info: Link nesting OFF on input line 4067.
Package hyperref Info: Hyper index ON on input line 4070.
Package hyperref Info: Plain pages OFF on input line 4077.
Package hyperref Info: Backreferencing OFF on input line 4082.
Package hyperref Info: Implicit mode ON; LaTeX internals redefined.
Package hyperref Info: Bookmarks ON on input line 4300.
\c@Hy@tempcnt=\count148
(/usr/share/texlive/texmf-dist/tex/latex/url/url.sty
\Urlmuskip=\muskip10
Package: url 2006/04/12  ver 3.3  Verb mode for urls, etc.
)
LaTeX Info: Redefining \url on input line 4653.
\Fld@menulength=\count149
\Field@Width=\dimen157
\Fld@charsize=\dimen158
Package hyperref Info: Hyper figures OFF on input line 5773.
Package hyperref Info: Link nesting OFF on input line 5778.
Package hyperref Info: Hyper index ON on input line 5781.
Package hyperref Info: backreferencing OFF on input line 5788.
Package hyperref Info: Link coloring ON on input line 5791.
Package hyperref Info: Link coloring with OCG OFF on input line 5798.
Package hyperref Info: PDF/A mode OFF on input line 5803.
LaTeX Info: Redefining \ref on input line 5843.
LaTeX Info: Redefining \pageref on input line 5847.
\Hy@abspage=\count150
\c@Item=\count151
\c@Hfootnote=\count152
)
(/usr/share/texlive/texmf-dist/tex/latex/memoir/memhfixc.sty
Package: memhfixc 2010/08/17 v1.15 nameref/hyperref package fixes for memoir cl
ass
\c@memhycontfloat=\count153
)

Package hyperref Message: Driver (default): hdvips.

(/usr/share/texlive/texmf-dist/tex/latex/hyperref/hdvips.def
File: hdvips.def 2012/05/13 v6.82q Hyperref driver for dvips

(/usr/share/texlive/texmf-dist/tex/latex/hyperref/pdfmark.def
File: pdfmark.def 2012/05/13 v6.82q Hyperref definitions for pdfmark specials
\pdf@docset=\toks26
\pdf@box=\box30
\pdf@toks=\toks27
\pdf@defaulttoks=\toks28
\Fld@listcount=\count154
\c@bookmark@seq@number=\count155

(/usr/share/texlive/texmf-dist/tex/latex/oberdiek/rerunfilecheck.sty
Package: rerunfilecheck 2011/04/15 v1.7 Rerun checks for auxiliary files (HO)
Package uniquecounter Info: New unique counter `rerunfilecheck' on input line 2
82.
)
\Hy@SectionHShift=\skip191
))
(/usr/share/texlive/texmf-dist/tex/latex/natbib/natbib.sty
Package: natbib 2010/09/13 8.31b (PWD, AO)
\bibhang=\skip192
\bibsep=\skip193
LaTeX Info: Redefining \cite on input line 694.
\c@NAT@ctr=\count156
)
(/usr/share/texlive/texmf-dist/tex/latex/multirow/multirow.sty
\bigstrutjot=\dimen159
)
(/usr/share/texlive/texmf-dist/tex/latex/amsmath/amstext.sty
Package: amstext 2000/06/29 v2.01

(/usr/share/texlive/texmf-dist/tex/latex/amsmath/amsgen.sty
File: amsgen.sty 1999/11/30 v2.0
\@emptytoks=\toks29
\ex@=\dimen160
))
(/usr/share/texlive/texmf-dist/tex/latex/subfig/subfig.sty
Package: subfig 2005/06/28 ver: 1.3 subfig package

(/usr/share/texlive/texmf-dist/tex/latex/caption/caption3.sty
Package: caption3 2012/01/12 v1.4b caption3 kernel (AR)
\captionmargin=\dimen161
\captionmargin@=\dimen162
\captionwidth=\dimen163
\caption@indent=\dimen164
\caption@parindent=\dimen165
\caption@hangindent=\dimen166
Package caption Info: Unknown document class (or package),
(caption)             standard defaults will be used.
)
\c@KVtest=\count157
\sf@farskip=\skip194
\sf@captopadj=\dimen167
\sf@capskip=\skip195
\sf@nearskip=\skip196
\c@subfigure=\count158
\c@subfigure@save=\count159
\c@subtable=\count160
\c@subtable@save=\count161
\sf@top=\skip197
\sf@bottom=\skip198
)

Class memoir Warning: You are using the caption package with the memoir 
(memoir)              class. This may cause unexpected or inconsistent 
(memoir)              results if you use any of memoir's captioning facilities.


(/usr/share/texlive/texmf-dist/tex/latex/caption/caption.sty
Package: caption 2012/02/19 v3.2f Customizing captions (AR)


Package caption Warning: Unsupported document class (or package) detected,
(caption)                usage of the caption package is not recommended.
See the caption package documentation for explanation.

Package caption Info: \@makecaption = \long macro:#1#2->\vskip \abovecaptionski
p \sbox \@tempboxa {#1: #2}\ifdim \wd \@tempboxa >\hsize #1: #2\par \else \glob
al \@minipagefalse \hb@xt@ \hsize {\hfil \box \@tempboxa \hfil }\fi \vskip \bel
owcaptionskip .
\c@ContinuedFloat=\count162
Package caption Info: hyperref package is loaded.
) (/usr/share/texlive/texmf-dist/tex/latex/amsmath/amsmath.sty
Package: amsmath 2000/07/18 v2.13 AMS math features
\@mathmargin=\skip199

For additional information on amsmath, use the `?' option.
(/usr/share/texlive/texmf-dist/tex/latex/amsmath/amsbsy.sty
Package: amsbsy 1999/11/29 v1.2d
\pmbraise@=\dimen168
)
(/usr/share/texlive/texmf-dist/tex/latex/amsmath/amsopn.sty
Package: amsopn 1999/12/14 v2.01 operator names
)
\inf@bad=\count163
LaTeX Info: Redefining \frac on input line 211.
\uproot@=\count164
\leftroot@=\count165
LaTeX Info: Redefining \overline on input line 307.
\classnum@=\count166
\DOTSCASE@=\count167
LaTeX Info: Redefining \ldots on input line 379.
LaTeX Info: Redefining \dots on input line 382.
LaTeX Info: Redefining \cdots on input line 467.
\Mathstrutbox@=\box31
\strutbox@=\box32
\big@size=\dimen169
LaTeX Font Info:    Redeclaring font encoding OML on input line 567.
LaTeX Font Info:    Redeclaring font encoding OMS on input line 568.
\macc@depth=\count168
\c@MaxMatrixCols=\count169
\dotsspace@=\muskip11
\c@parentequation=\count170
\dspbrk@lvl=\count171
\tag@help=\toks30
\row@=\count172
\column@=\count173
\maxfields@=\count174
\andhelp@=\toks31
\eqnshift@=\dimen170
\alignsep@=\dimen171
\tagshift@=\dimen172
\tagwidth@=\dimen173
\totwidth@=\dimen174
\lineht@=\dimen175
\@envbody=\toks32
\multlinegap=\skip200
\multlinetaggap=\skip201
\mathdisplay@stack=\toks33
LaTeX Info: Redefining \[ on input line 2666.
LaTeX Info: Redefining \] on input line 2667.
)
(/usr/share/texlive/texmf-dist/tex/latex/morefloats/morefloats.sty
Package: morefloats 2012/01/28 v1.0f Raise limit of unprocessed floats (HMM; DH
)
Package morefloats Info: Maximum number of possible floats asked for: 36.
(morefloats)             LaTeX might run out of memory before this
(morefloats)             (in which case it will notify you).
(morefloats)              on input line 171.
\bx@S=\insert228
\bx@T=\insert227
\bx@U=\insert226
\bx@V=\insert225
\bx@W=\insert224
\bx@X=\insert223
\bx@Y=\insert222
\bx@Z=\insert221
\bx@AA=\insert220
\bx@AB=\insert219
\bx@AC=\insert218
\bx@AD=\insert217
\bx@AE=\insert216
\bx@AF=\insert215
\bx@AG=\insert214
\bx@AH=\insert213
\bx@AI=\insert212
\bx@AJ=\insert211
)
(/usr/share/texmf/tex/latex/xcolor/xcolor.sty
Package: xcolor 2007/01/21 v2.11 LaTeX color extensions (UK)

(/usr/share/texlive/texmf-dist/tex/latex/latexconfig/color.cfg
File: color.cfg 2007/01/18 v1.5 color configuration of teTeX/TeXLive
)
Package xcolor Info: Package option `usenames' ignored on input line 216.
Package xcolor Info: Driver file: dvips.def on input line 225.
Package xcolor Info: Model `cmy' substituted by `cmy0' on input line 1337.
Package xcolor Info: Model `RGB' extended on input line 1353.
Package xcolor Info: Model `HTML' substituted by `rgb' on input line 1355.
Package xcolor Info: Model `Hsb' substituted by `hsb' on input line 1356.
Package xcolor Info: Model `tHsb' substituted by `hsb' on input line 1357.
Package xcolor Info: Model `HSB' substituted by `hsb' on input line 1358.
Package xcolor Info: Model `Gray' substituted by `gray' on input line 1359.
Package xcolor Info: Model `wave' substituted by `hsb' on input line 1360.

(/usr/share/texlive/texmf-dist/tex/latex/graphics/dvipsnam.def
File: dvipsnam.def 1999/02/16 v3.0i Driver-dependant file (DPC,SPQR)
))
(./dissertacao-brunoleite.aux

LaTeX Warning: Label `fig:averange_values_resemblance' multiply defined.

(./apendice-media-valores-resemblance.aux) (./apendice-analises.aux

LaTeX Warning: Label `fig:average_shortest_1_in_1_apendice_grupa_a' multiply de
fined.


LaTeX Warning: Label `sub@fig:average_shortest_1_in_1_apendice_grupa_a' multipl
y defined.


LaTeX Warning: Label `fig:average_shortest_slide_window_apendice_grupa_a' multi
ply defined.


LaTeX Warning: Label `sub@fig:average_shortest_slide_window_apendice_grupa_a' m
ultiply defined.


LaTeX Warning: Label `fig:average_shortest_1_in_1_apendice_grupa_b' multiply de
fined.


LaTeX Warning: Label `sub@fig:average_shortest_1_in_1_apendice_grupa_b' multipl
y defined.


LaTeX Warning: Label `fig:average_shortest_slide_window_apendice_grupa_b' multi
ply defined.


LaTeX Warning: Label `sub@fig:average_shortest_slide_window_apendice_grupa_b' m
ultiply defined.


LaTeX Warning: Label `fig:average_shortest_1_in_1_apendice_grupa_c' multiply de
fined.


LaTeX Warning: Label `sub@fig:average_shortest_1_in_1_apendice_grupa_c' multipl
y defined.


LaTeX Warning: Label `fig:average_shortest_slide_window_apendice_grupa_c' multi
ply defined.


LaTeX Warning: Label `sub@fig:average_shortest_slide_window_apendice_grupa_c' m
ultiply defined.


LaTeX Warning: Label `fig:metrics_average_shortest_apendice' multiply defined.


LaTeX Warning: Label `fig:average_shortest_1_in_1_apendice_grupa_a' multiply de
fined.


LaTeX Warning: Label `sub@fig:average_shortest_1_in_1_apendice_grupa_a' multipl
y defined.


LaTeX Warning: Label `fig:average_shortest_slide_window_apendice_grupa_a' multi
ply defined.


LaTeX Warning: Label `sub@fig:average_shortest_slide_window_apendice_grupa_a' m
ultiply defined.


LaTeX Warning: Label `fig:average_shortest_1_in_1_apendice_grupa_b' multiply de
fined.


LaTeX Warning: Label `sub@fig:average_shortest_1_in_1_apendice_grupa_b' multipl
y defined.


LaTeX Warning: Label `fig:average_shortest_slide_window_apendice_grupa_b' multi
ply defined.


LaTeX Warning: Label `sub@fig:average_shortest_slide_window_apendice_grupa_b' m
ultiply defined.


LaTeX Warning: Label `fig:average_shortest_1_in_1_apendice_grupa_c' multiply de
fined.


LaTeX Warning: Label `sub@fig:average_shortest_1_in_1_apendice_grupa_c' multipl
y defined.


LaTeX Warning: Label `fig:average_shortest_slide_window_apendice_grupa_c' multi
ply defined.


LaTeX Warning: Label `sub@fig:average_shortest_slide_window_apendice_grupa_c' m
ultiply defined.


LaTeX Warning: Label `fig:metrics_average_shortest_apendice' multiply defined.


LaTeX Warning: Label `fig:average_shortest_1_in_1_apendice_grupa_a' multiply de
fined.


LaTeX Warning: Label `sub@fig:average_shortest_1_in_1_apendice_grupa_a' multipl
y defined.


LaTeX Warning: Label `fig:average_shortest_slide_window_apendice_grupa_a' multi
ply defined.


LaTeX Warning: Label `sub@fig:average_shortest_slide_window_apendice_grupa_a' m
ultiply defined.


LaTeX Warning: Label `fig:average_shortest_1_in_1_apendice_grupa_b' multiply de
fined.


LaTeX Warning: Label `sub@fig:average_shortest_1_in_1_apendice_grupa_b' multipl
y defined.


LaTeX Warning: Label `fig:average_shortest_slide_window_apendice_grupa_b' multi
ply defined.


LaTeX Warning: Label `sub@fig:average_shortest_slide_window_apendice_grupa_b' m
ultiply defined.


LaTeX Warning: Label `fig:average_shortest_1_in_1_apendice_grupa_c' multiply de
fined.


LaTeX Warning: Label `sub@fig:average_shortest_1_in_1_apendice_grupa_c' multipl
y defined.


LaTeX Warning: Label `fig:average_shortest_slide_window_apendice_grupa_c' multi
ply defined.


LaTeX Warning: Label `sub@fig:average_shortest_slide_window_apendice_grupa_c' m
ultiply defined.


LaTeX Warning: Label `fig:metrics_average_shortest_apendice' multiply defined.

) (./apendice-comparacao-nucleo.aux) (./apendice-media-pontuacao-nucleo.aux)
(./apendice-redes.aux

LaTeX Warning: Label `fig:rede_hscc_apendice' multiply defined.


LaTeX Warning: Label `sub@fig:rede_hscc_apendice' multiply defined.

))
\openout1 = `dissertacao-brunoleite.aux'.

LaTeX Font Info:    Checking defaults for OML/cmm/m/it on input line 89.
LaTeX Font Info:    ... okay on input line 89.
LaTeX Font Info:    Checking defaults for T1/cmr/m/n on input line 89.
LaTeX Font Info:    ... okay on input line 89.
LaTeX Font Info:    Checking defaults for OT1/cmr/m/n on input line 89.
LaTeX Font Info:    ... okay on input line 89.
LaTeX Font Info:    Checking defaults for OMS/cmsy/m/n on input line 89.
LaTeX Font Info:    ... okay on input line 89.
LaTeX Font Info:    Checking defaults for OMX/cmex/m/n on input line 89.
LaTeX Font Info:    ... okay on input line 89.
LaTeX Font Info:    Checking defaults for U/cmr/m/n on input line 89.
LaTeX Font Info:    ... okay on input line 89.
LaTeX Font Info:    Checking defaults for PD1/pdf/m/n on input line 89.
LaTeX Font Info:    ... okay on input line 89.
\AtBeginShipoutBox=\box33
Package hyperref Info: Link coloring ON on input line 89.
 (/usr/share/texlive/texmf-dist/tex/latex/hyperref/nameref.sty
Package: nameref 2010/04/30 v2.40 Cross-referencing by name of section

(/usr/share/texlive/texmf-dist/tex/generic/oberdiek/gettitlestring.sty
Package: gettitlestring 2010/12/03 v1.4 Cleanup title references (HO)
)
\c@section@level=\count175
)
Redoing nameref's sectioning
Redoing nameref's label
LaTeX Info: Redefining \nameref on input line 89.
LaTeX Info: Redefining \ref on input line 89.
LaTeX Info: Redefining \pageref on input line 89.
LaTeX Info: Redefining \nameref on input line 89.
(./dissertacao-brunoleite.out) (./dissertacao-brunoleite.out)
\@outlinefile=\write4
\openout4 = `dissertacao-brunoleite.out'.

Package caption Info: Begin \AtBeginDocument code.
Package caption Info: subfig package v1.3 is loaded.
Package caption Info: Incompatible package detected (regarding \@caption).
(caption)             \@caption = \long macro:#1[#2]#3->\MNR@old@caption {#1}[{
#2}]{#3}\def \@currentlabelname {#2}\M@gettitle {#2}.


Package caption Warning: Forced redefinition of \caption since the
(caption)                unsupported(!) package option `compatibility=false'
(caption)                was given.
See the caption package documentation for explanation.

Package caption Info: End \AtBeginDocument code.
[1



] [2


] [3]
LaTeX Font Info:    Try loading font information for OMS+cmr on input line 121.

 (/usr/share/texlive/texmf-dist/tex/latex/base/omscmr.fd
File: omscmr.fd 1999/05/25 v2.5h Standard LaTeX font definitions
)
LaTeX Font Info:    Font shape `OMS/cmr/m/n' in size <12> not available
(Font)              Font shape `OMS/cmsy/m/n' tried instead on input line 121.
 [4


]
File: folha_aprovacao.eps Graphic file (type eps)

<folha_aprovacao.eps> [5



] [6



] (./dedicatoria.tex) [7] [8


]
LaTeX Font Info:    Try loading font information for T1+cmss on input line 121.


(/usr/share/texlive/texmf-dist/tex/latex/base/t1cmss.fd
File: t1cmss.fd 1999/05/25 v2.5h Standard LaTeX font definitions
) (./agradecimentos.tex) [9] [10


] [11] [12


] (./resumo.tex) [13

] [14


] (./abstract.tex) [15

] [16


]
(./dissertacao-brunoleite.lof [17]) [18] (./dissertacao-brunoleite.lot)
[19


] [20


] (./dissertacao-brunoleite.toc [21]) [22] (./introducao.tex
Underfull \vbox (badness 1331) has occurred while \output is active []

 [1




]
(./trabalhos-relacionados.tex [2]
Underfull \vbox (badness 1168) has occurred while \output is active []

 [3]
Underfull \vbox (badness 1852) has occurred while \output is active []

 [4]
Underfull \vbox (badness 1852) has occurred while \output is active []

 [5]))
(./redes-complexas.tex [6]
(./redes-complexas-introducao-definicoes-caracteristicas.tex [7

]
Underfull \vbox (badness 10000) has occurred while \output is active []

 [8])
(./redes-complexas-metricas.tex
Underfull \vbox (badness 4132) has occurred while \output is active []

 [9]
[10]
* ppgccufmg: Pelo menos uma ilustracao encontrada.
File: ../imgs/coeficiente_agrupamento_1.eps Graphic file (type eps)
<../imgs/coeficiente_agrupamento_1.eps>
File: ../imgs/coeficiente_agrupamento_2.eps Graphic file (type eps)

<../imgs/coeficiente_agrupamento_2.eps> [11]
File: ../imgs/componentes.eps Graphic file (type eps)
 <../imgs/componentes.eps>
Underfull \vbox (badness 10000) has occurred while \output is active []

 [12]
Underfull \vbox (badness 10000) has occurred while \output is active []

 [13]
[14])) (./comunidades.tex [15] [16

] [17]
LaTeX Font Info:    Calculating math sizes for size <6.2> on input line 58.


LaTeX Font Warning: Font shape `OT1/cmr/m/n' in size <4.33997> not available
(Font)              size <5> substituted on input line 58.


LaTeX Font Warning: Font shape `OT1/cmr/m/n' in size <3.09999> not available
(Font)              size <5> substituted on input line 58.


LaTeX Font Warning: Font shape `OML/cmm/m/it' in size <4.33997> not available
(Font)              size <5> substituted on input line 58.


LaTeX Font Warning: Font shape `OML/cmm/m/it' in size <3.09999> not available
(Font)              size <5> substituted on input line 58.


LaTeX Font Warning: Font shape `OMS/cmsy/m/n' in size <4.33997> not available
(Font)              size <5> substituted on input line 58.


LaTeX Font Warning: Font shape `OMS/cmsy/m/n' in size <3.09999> not available
(Font)              size <5> substituted on input line 58.

[18]
Underfull \vbox (badness 10000) has occurred while \output is active []

 [19]
[20]
File: ../graficos/hindex/pt_BR/hindex_scatter_plot.eps Graphic file (type eps)
 <../graficos/hindex/pt_BR/hindex_scatter_plot.eps> [21]
File: ../graficos/hindex/pt_BR/nature_cdf.eps Graphic file (type eps)

<../graficos/hindex/pt_BR/nature_cdf.eps>
File: ../graficos/hindex/pt_BR/linear_hindex_cdf.eps Graphic file (type eps)

<../graficos/hindex/pt_BR/linear_hindex_cdf.eps> [22]
File: ../graficos/window_core_size/pt_BR/sigmod_conference_arithmetic_slide_win
dow_arithmetic_top_list.eps Graphic file (type eps)

<../graficos/window_core_size/pt_BR/sigmod_conference_arithmetic_slide_window_a
rithmetic_top_list.eps>
File: ../graficos/window_core_size/pt_BR/chi_arithmetic_slide_window_arithmetic
_top_list.eps Graphic file (type eps)

<../graficos/window_core_size/pt_BR/chi_arithmetic_slide_window_arithmetic_top_
list.eps>
Overfull \hbox (8.28723pt too wide) in paragraph at lines 375--380
 [][][][][] 
 []

File: ../graficos/validacao_core_community/pt_BR/cc_kleinberg_evolution.eps Gra
phic file (type eps)
<../graficos/validacao_core_community/pt_BR/cc_kleinberg_evolution.eps>
File: ../graficos/validacao_core_community/pt_BR/cc_luis_von_ahn_evolution.eps 
Graphic file (type eps)

<../graficos/validacao_core_community/pt_BR/cc_luis_von_ahn_evolution.eps>
Overfull \hbox (8.28723pt too wide) in paragraph at lines 415--420
 [][][][][] 
 []

[23]
LaTeX Font Info:    Calculating math sizes for size <9.2> on input line 481.


LaTeX Font Warning: Font shape `OT1/cmr/m/n' in size <6.43996> not available
(Font)              size <6> substituted on input line 481.


LaTeX Font Warning: Font shape `OT1/cmr/m/n' in size <4.59999> not available
(Font)              size <5> substituted on input line 481.


LaTeX Font Warning: Font shape `OML/cmm/m/it' in size <6.43996> not available
(Font)              size <6> substituted on input line 481.


LaTeX Font Warning: Font shape `OML/cmm/m/it' in size <4.59999> not available
(Font)              size <5> substituted on input line 481.


LaTeX Font Warning: Font shape `OMS/cmsy/m/n' in size <6.43996> not available
(Font)              size <6> substituted on input line 481.


LaTeX Font Warning: Font shape `OMS/cmsy/m/n' in size <4.59999> not available
(Font)              size <5> substituted on input line 481.


Overfull \hbox (8.03383pt too wide) in paragraph at lines 481--507
 [][] 
 []


Overfull \hbox (10.56375pt too wide) in paragraph at lines 516--542
 [][] 
 []

[24] [25]) (./analise-nucleo-comunidades.tex [26]
File: ../graficos/sigs_metricas_acumuladas_1_em_1_ano/pt_BR/porcentagem_maior_c
omponente_grupo_temporal_web.eps Graphic file (type eps)

<../graficos/sigs_metricas_acumuladas_1_em_1_ano/pt_BR/porcentagem_maior_compon
ente_grupo_temporal_web.eps>
File: ../graficos/core_over_time/metricas_tradicionais/pt_BR/porcentagem_maior_
componente_slide_window_grupo_temporal_web.eps Graphic file (type eps)

<../graficos/core_over_time/metricas_tradicionais/pt_BR/porcentagem_maior_compo
nente_slide_window_grupo_temporal_web.eps>
Overfull \hbox (8.28723pt too wide) in paragraph at lines 52--57
 [][][][][] 
 []

File: ../graficos/sigs_metricas_acumuladas_1_em_1_ano/pt_BR/caminho_minimo_medi
o_grupo_temporal_web.eps Graphic file (type eps)

<../graficos/sigs_metricas_acumuladas_1_em_1_ano/pt_BR/caminho_minimo_medio_gru
po_temporal_web.eps>
File: ../graficos/core_over_time/metricas_tradicionais/pt_BR/caminho_minimo_med
io_slide_window_grupo_temporal_web.eps Graphic file (type eps)

<../graficos/core_over_time/metricas_tradicionais/pt_BR/caminho_minimo_medio_sl
ide_window_grupo_temporal_web.eps>
Overfull \hbox (8.28723pt too wide) in paragraph at lines 67--72
 [][][][][] 
 []

File: ../graficos/sigs_metricas_acumuladas_1_em_1_ano/pt_BR/coeficiente_agrupam
ento_grupo_temporal_web.eps Graphic file (type eps)

<../graficos/sigs_metricas_acumuladas_1_em_1_ano/pt_BR/coeficiente_agrupamento_
grupo_temporal_web.eps>
File: ../graficos/core_over_time/metricas_tradicionais/pt_BR/coeficiente_agrupa
mento_slide_window_grupo_temporal_web.eps Graphic file (type eps)

<../graficos/core_over_time/metricas_tradicionais/pt_BR/coeficiente_agrupamento
_slide_window_grupo_temporal_web.eps>
Overfull \hbox (8.28723pt too wide) in paragraph at lines 82--87
 [][][][][] 
 []

File: ../graficos/sigs_metricas_acumuladas_1_em_1_ano/pt_BR/assortatividade_gru
po_temporal_web.eps Graphic file (type eps)

<../graficos/sigs_metricas_acumuladas_1_em_1_ano/pt_BR/assortatividade_grupo_te
mporal_web.eps>
File: ../graficos/core_over_time/metricas_tradicionais/pt_BR/assortatividade_sl
ide_window_grupo_temporal_web.eps Graphic file (type eps)

<../graficos/core_over_time/metricas_tradicionais/pt_BR/assortatividade_slide_w
indow_grupo_temporal_web.eps>
Overfull \hbox (8.28723pt too wide) in paragraph at lines 97--102
 [][][][][] 
 []

File: ../graficos/sigs_metricas_acumuladas_1_em_1_ano/pt_BR/grau_medio_nodos_gr
upo_temporal_web.eps Graphic file (type eps)

<../graficos/sigs_metricas_acumuladas_1_em_1_ano/pt_BR/grau_medio_nodos_grupo_t
emporal_web.eps>
File: ../graficos/core_over_time/metricas_tradicionais/pt_BR/grau_medio_nodos_s
lide_window_grupo_temporal_web.eps Graphic file (type eps)

<../graficos/core_over_time/metricas_tradicionais/pt_BR/grau_medio_nodos_slide_
window_grupo_temporal_web.eps>
Overfull \hbox (8.28723pt too wide) in paragraph at lines 113--118
 [][][][][] 
 []

[27

]
Underfull \vbox (badness 3826) has occurred while \output is active []

 [28]
Underfull \vbox (badness 3826) has occurred while \output is active []

 [29]
File: ../graficos/core_over_time/core_community/pt_BR/sigmod_janela_3_core_coef
iciente_agrupamento.eps Graphic file (type eps)

<../graficos/core_over_time/core_community/pt_BR/sigmod_janela_3_core_coeficien
te_agrupamento.eps>
File: ../graficos/core_over_time/core_community/pt_BR/sigmod_janela_3_core_grau
_medio_nodos.eps Graphic file (type eps)

<../graficos/core_over_time/core_community/pt_BR/sigmod_janela_3_core_grau_medi
o_nodos.eps>
Overfull \hbox (8.28723pt too wide) in paragraph at lines 243--248
 [][][][][] 
 []

File: ../graficos/core_over_time/core_community/pt_BR/sigmod_janela_3_core_maio
r_componente_conectado.eps Graphic file (type eps)

<../graficos/core_over_time/core_community/pt_BR/sigmod_janela_3_core_maior_com
ponente_conectado.eps>
File: ../graficos/core_over_time/core_community/pt_BR/sigmod_janela_3_core_betw
eenness.eps Graphic file (type eps)

<../graficos/core_over_time/core_community/pt_BR/sigmod_janela_3_core_betweenne
ss.eps>
Overfull \hbox (8.28723pt too wide) in paragraph at lines 252--257
 [][][][][][] 
 []

[30] [31]
File: ../graficos/average_core_score/pt_BR/average_core_score_slide_window_grup
o_1_temporal_web.eps Graphic file (type eps)

<../graficos/average_core_score/pt_BR/average_core_score_slide_window_grupo_1_t
emporal_web.eps>
File: ../graficos/average_core_score/pt_BR/average_core_score_slide_window_grup
o_2_temporal_web.eps Graphic file (type eps)

<../graficos/average_core_score/pt_BR/average_core_score_slide_window_grupo_2_t
emporal_web.eps> [32]

Class memoir Warning: The material used in the headers is too large
(28.99998pt) for the given head height (14.5pt), it is recommended to
either increase the head height or redesign the header
(in both cases you will find help in the memoir manual). on input line 459.


Overfull \vbox (14.49998pt too high) has occurred while \output is active []


[33]
File: ../graficos/network/sigmod.eps Graphic file (type eps)
 <../graficos/network/sigmod.eps>
File: ../graficos/network/chi.eps Graphic file (type eps)
 <../graficos/network/chi.eps>
Overfull \hbox (6.36942pt too wide) in paragraph at lines 495--500
 [][][][][] 
 []

File: ../graficos/network/sac.eps Graphic file (type eps)
<../graficos/network/sac.eps>
File: ../graficos/network/stoc.eps Graphic file (type eps)
 <../graficos/network/stoc.eps>
Overfull \hbox (6.36942pt too wide) in paragraph at lines 504--509
 [][][][][][] 
 []

) (./conclusao.tex [34] [35] [36

] [37] [38]) [39] [40

]
(./dissertacao-brunoleite.bbl [41

] [42] [43]) [44] (./apendice.tex
\openout2 = `apendice-media-valores-resemblance.aux'.


(./apendice-media-valores-resemblance.tex
File: ../graficos/window_core_size/pt_BR/ccs_arithmetic_slide_window_arithmetic
_top_list.eps Graphic file (type eps)

<../graficos/window_core_size/pt_BR/ccs_arithmetic_slide_window_arithmetic_top_
list.eps>
File: ../graficos/window_core_size/pt_BR/cikm_arithmetic_slide_window_arithmeti
c_top_list.eps Graphic file (type eps)

<../graficos/window_core_size/pt_BR/cikm_arithmetic_slide_window_arithmetic_top
_list.eps>
Overfull \hbox (8.28723pt too wide) in paragraph at lines 10--15
 [][][][][] 
 []

File: ../graficos/window_core_size/pt_BR/dac_arithmetic_slide_window_arithmetic
_top_list.eps Graphic file (type eps)

<../graficos/window_core_size/pt_BR/dac_arithmetic_slide_window_arithmetic_top_
list.eps>
File: ../graficos/window_core_size/pt_BR/hscc_arithmetic_slide_window_arithmeti
c_top_list.eps Graphic file (type eps)

<../graficos/window_core_size/pt_BR/hscc_arithmetic_slide_window_arithmetic_top
_list.eps>
Overfull \hbox (8.28723pt too wide) in paragraph at lines 19--25
 [][][][][][] 
 []

File: ../graficos/window_core_size/pt_BR/icse_arithmetic_slide_window_arithmeti
c_top_list.eps Graphic file (type eps)

<../graficos/window_core_size/pt_BR/icse_arithmetic_slide_window_arithmetic_top
_list.eps>
File: ../graficos/window_core_size/pt_BR/isca_arithmetic_slide_window_arithmeti
c_top_list.eps Graphic file (type eps)

<../graficos/window_core_size/pt_BR/isca_arithmetic_slide_window_arithmetic_top
_list.eps>
Overfull \hbox (8.28723pt too wide) in paragraph at lines 33--38
 [][][][][] 
 []

File: ../graficos/window_core_size/pt_BR/kdd_arithmetic_slide_window_arithmetic
_top_list.eps Graphic file (type eps)

<../graficos/window_core_size/pt_BR/kdd_arithmetic_slide_window_arithmetic_top_
list.eps>
File: ../graficos/window_core_size/pt_BR/micro_arithmetic_slide_window_arithmet
ic_top_list.eps Graphic file (type eps)

<../graficos/window_core_size/pt_BR/micro_arithmetic_slide_window_arithmetic_to
p_list.eps>
Overfull \hbox (8.28723pt too wide) in paragraph at lines 42--47
 [][][][][][] 
 []

File: ../graficos/window_core_size/pt_BR/acm_multimedia_arithmetic_slide_window
_arithmetic_top_list.eps Graphic file (type eps)

<../graficos/window_core_size/pt_BR/acm_multimedia_arithmetic_slide_window_arit
hmetic_top_list.eps>
File: ../graficos/window_core_size/pt_BR/mobicom_arithmetic_slide_window_arithm
etic_top_list.eps Graphic file (type eps)

<../graficos/window_core_size/pt_BR/mobicom_arithmetic_slide_window_arithmetic_
top_list.eps>
Overfull \hbox (8.28723pt too wide) in paragraph at lines 51--56
 [][][][][][] 
 []

File: ../graficos/window_core_size/pt_BR/podc_arithmetic_slide_window_arithmeti
c_top_list.eps Graphic file (type eps)

<../graficos/window_core_size/pt_BR/podc_arithmetic_slide_window_arithmetic_top
_list.eps>
File: ../graficos/window_core_size/pt_BR/popl_arithmetic_slide_window_arithmeti
c_top_list.eps Graphic file (type eps)

<../graficos/window_core_size/pt_BR/popl_arithmetic_slide_window_arithmetic_top
_list.eps>
Overfull \hbox (8.28723pt too wide) in paragraph at lines 64--69
 [][][][][] 
 []

File: ../graficos/window_core_size/pt_BR/sac_arithmetic_slide_window_arithmetic
_top_list.eps Graphic file (type eps)

<../graficos/window_core_size/pt_BR/sac_arithmetic_slide_window_arithmetic_top_
list.eps>
File: ../graficos/window_core_size/pt_BR/sigcomm_arithmetic_slide_window_arithm
etic_top_list.eps Graphic file (type eps)

<../graficos/window_core_size/pt_BR/sigcomm_arithmetic_slide_window_arithmetic_
top_list.eps>
Overfull \hbox (8.28723pt too wide) in paragraph at lines 73--78
 [][][][][][] 
 []

File: ../graficos/window_core_size/pt_BR/sigcse_arithmetic_slide_window_arithme
tic_top_list.eps Graphic file (type eps)

<../graficos/window_core_size/pt_BR/sigcse_arithmetic_slide_window_arithmetic_t
op_list.eps>
File: ../graficos/window_core_size/pt_BR/sigdoc_arithmetic_slide_window_arithme
tic_top_list.eps Graphic file (type eps)

<../graficos/window_core_size/pt_BR/sigdoc_arithmetic_slide_window_arithmetic_t
op_list.eps>
Overfull \hbox (8.28723pt too wide) in paragraph at lines 82--87
 [][][][][][] 
 []

File: ../graficos/window_core_size/pt_BR/siggraph_arithmetic_slide_window_arith
metic_top_list.eps Graphic file (type eps)

<../graficos/window_core_size/pt_BR/siggraph_arithmetic_slide_window_arithmetic
_top_list.eps>
File: ../graficos/window_core_size/pt_BR/sigir_arithmetic_slide_window_arithmet
ic_top_list.eps Graphic file (type eps)

<../graficos/window_core_size/pt_BR/sigir_arithmetic_slide_window_arithmetic_to
p_list.eps>
Overfull \hbox (8.28723pt too wide) in paragraph at lines 95--100
 [][][][][] 
 []

File: ../graficos/window_core_size/pt_BR/sigmetrics_arithmetic_slide_window_ari
thmetic_top_list.eps Graphic file (type eps)

<../graficos/window_core_size/pt_BR/sigmetrics_arithmetic_slide_window_arithmet
ic_top_list.eps>
File: ../graficos/window_core_size/pt_BR/stoc_arithmetic_slide_window_arithmeti
c_top_list.eps Graphic file (type eps)

<../graficos/window_core_size/pt_BR/stoc_arithmetic_slide_window_arithmetic_top
_list.eps>
Overfull \hbox (8.28723pt too wide) in paragraph at lines 104--109
 [][][][][][] 
 []

) [45




] [46] [47] [48]
\openout2 = `apendice-analises.aux'.

 (./apendice-analises.tex
File: ../graficos/sigs_metricas_acumuladas_1_em_1_ano/pt_BR/assortatividade_gru
po_temporal_web_apendice_1.eps Graphic file (type eps)

<../graficos/sigs_metricas_acumuladas_1_em_1_ano/pt_BR/assortatividade_grupo_te
mporal_web_apendice_1.eps>
File: ../graficos/core_over_time/metricas_tradicionais/pt_BR/assortatividade_sl
ide_window_grupo_temporal_web_apendice_1.eps Graphic file (type eps)

<../graficos/core_over_time/metricas_tradicionais/pt_BR/assortatividade_slide_w
indow_grupo_temporal_web_apendice_1.eps>
Overfull \hbox (8.28723pt too wide) in paragraph at lines 14--20
 [][][][][] 
 []

File: ../graficos/sigs_metricas_acumuladas_1_em_1_ano/pt_BR/assortatividade_gru
po_temporal_web_apendice_2.eps Graphic file (type eps)

<../graficos/sigs_metricas_acumuladas_1_em_1_ano/pt_BR/assortatividade_grupo_te
mporal_web_apendice_2.eps>
File: ../graficos/core_over_time/metricas_tradicionais/pt_BR/assortatividade_sl
ide_window_grupo_temporal_web_apendice_2.eps Graphic file (type eps)

<../graficos/core_over_time/metricas_tradicionais/pt_BR/assortatividade_slide_w
indow_grupo_temporal_web_apendice_2.eps>
Overfull \hbox (8.28723pt too wide) in paragraph at lines 28--33
 [][][][][] 
 []

File: ../graficos/sigs_metricas_acumuladas_1_em_1_ano/pt_BR/assortatividade_gru
po_temporal_web_apendice_3.eps Graphic file (type eps)

<../graficos/sigs_metricas_acumuladas_1_em_1_ano/pt_BR/assortatividade_grupo_te
mporal_web_apendice_3.eps>
File: ../graficos/core_over_time/metricas_tradicionais/pt_BR/assortatividade_sl
ide_window_grupo_temporal_web_apendice_3.eps Graphic file (type eps)

<../graficos/core_over_time/metricas_tradicionais/pt_BR/assortatividade_slide_w
indow_grupo_temporal_web_apendice_3.eps>
Overfull \hbox (8.28723pt too wide) in paragraph at lines 37--42
 [][][][][][] 
 []

File: ../graficos/sigs_metricas_acumuladas_1_em_1_ano/pt_BR/caminho_minimo_medi
o_grupo_temporal_web_apendice_1.eps Graphic file (type eps)

<../graficos/sigs_metricas_acumuladas_1_em_1_ano/pt_BR/caminho_minimo_medio_gru
po_temporal_web_apendice_1.eps>
File: ../graficos/core_over_time/metricas_tradicionais/pt_BR/caminho_minimo_med
io_slide_window_grupo_temporal_web_apendice_1.eps Graphic file (type eps)

<../graficos/core_over_time/metricas_tradicionais/pt_BR/caminho_minimo_medio_sl
ide_window_grupo_temporal_web_apendice_1.eps>
Overfull \hbox (8.28723pt too wide) in paragraph at lines 53--59
 [][][][][] 
 []

File: ../graficos/sigs_metricas_acumuladas_1_em_1_ano/pt_BR/caminho_minimo_medi
o_grupo_temporal_web_apendice_2.eps Graphic file (type eps)

<../graficos/sigs_metricas_acumuladas_1_em_1_ano/pt_BR/caminho_minimo_medio_gru
po_temporal_web_apendice_2.eps>
File: ../graficos/core_over_time/metricas_tradicionais/pt_BR/caminho_minimo_med
io_slide_window_grupo_temporal_web_apendice_2.eps Graphic file (type eps)

<../graficos/core_over_time/metricas_tradicionais/pt_BR/caminho_minimo_medio_sl
ide_window_grupo_temporal_web_apendice_2.eps>
Overfull \hbox (8.28723pt too wide) in paragraph at lines 67--72
 [][][][][] 
 []

File: ../graficos/sigs_metricas_acumuladas_1_em_1_ano/pt_BR/caminho_minimo_medi
o_grupo_temporal_web_apendice_3.eps Graphic file (type eps)

<../graficos/sigs_metricas_acumuladas_1_em_1_ano/pt_BR/caminho_minimo_medio_gru
po_temporal_web_apendice_3.eps>
File: ../graficos/core_over_time/metricas_tradicionais/pt_BR/caminho_minimo_med
io_slide_window_grupo_temporal_web_apendice_3.eps Graphic file (type eps)

<../graficos/core_over_time/metricas_tradicionais/pt_BR/caminho_minimo_medio_sl
ide_window_grupo_temporal_web_apendice_3.eps>
Overfull \hbox (8.28723pt too wide) in paragraph at lines 76--81
 [][][][][][] 
 []

File: ../graficos/sigs_metricas_acumuladas_1_em_1_ano/pt_BR/coeficiente_agrupam
ento_grupo_temporal_web_apendice_1.eps Graphic file (type eps)

<../graficos/sigs_metricas_acumuladas_1_em_1_ano/pt_BR/coeficiente_agrupamento_
grupo_temporal_web_apendice_1.eps>
File: ../graficos/core_over_time/metricas_tradicionais/pt_BR/coeficiente_agrupa
mento_slide_window_grupo_temporal_web_apendice_1.eps Graphic file (type eps)

<../graficos/core_over_time/metricas_tradicionais/pt_BR/coeficiente_agrupamento
_slide_window_grupo_temporal_web_apendice_1.eps>
Overfull \hbox (8.28723pt too wide) in paragraph at lines 92--98
 [][][][][] 
 []

File: ../graficos/sigs_metricas_acumuladas_1_em_1_ano/pt_BR/coeficiente_agrupam
ento_grupo_temporal_web_apendice_2.eps Graphic file (type eps)

<../graficos/sigs_metricas_acumuladas_1_em_1_ano/pt_BR/coeficiente_agrupamento_
grupo_temporal_web_apendice_2.eps>
File: ../graficos/core_over_time/metricas_tradicionais/pt_BR/coeficiente_agrupa
mento_slide_window_grupo_temporal_web_apendice_2.eps Graphic file (type eps)

<../graficos/core_over_time/metricas_tradicionais/pt_BR/coeficiente_agrupamento
_slide_window_grupo_temporal_web_apendice_2.eps>
Overfull \hbox (8.28723pt too wide) in paragraph at lines 106--111
 [][][][][] 
 []

File: ../graficos/sigs_metricas_acumuladas_1_em_1_ano/pt_BR/coeficiente_agrupam
ento_grupo_temporal_web_apendice_3.eps Graphic file (type eps)

<../graficos/sigs_metricas_acumuladas_1_em_1_ano/pt_BR/coeficiente_agrupamento_
grupo_temporal_web_apendice_3.eps>
File: ../graficos/core_over_time/metricas_tradicionais/pt_BR/coeficiente_agrupa
mento_slide_window_grupo_temporal_web_apendice_3.eps Graphic file (type eps)

<../graficos/core_over_time/metricas_tradicionais/pt_BR/coeficiente_agrupamento
_slide_window_grupo_temporal_web_apendice_3.eps>
Overfull \hbox (8.28723pt too wide) in paragraph at lines 115--120
 [][][][][][] 
 []

File: ../graficos/sigs_metricas_acumuladas_1_em_1_ano/pt_BR/porcentagem_maior_c
omponente_grupo_temporal_web_apendice_1.eps Graphic file (type eps)

<../graficos/sigs_metricas_acumuladas_1_em_1_ano/pt_BR/porcentagem_maior_compon
ente_grupo_temporal_web_apendice_1.eps>
File: ../graficos/core_over_time/metricas_tradicionais/pt_BR/porcentagem_maior_
componente_slide_window_grupo_temporal_web_apendice_1.eps Graphic file (type ep
s)

<../graficos/core_over_time/metricas_tradicionais/pt_BR/porcentagem_maior_compo
nente_slide_window_grupo_temporal_web_apendice_1.eps>
Overfull \hbox (8.28723pt too wide) in paragraph at lines 131--137
 [][][][][] 
 []

File: ../graficos/sigs_metricas_acumuladas_1_em_1_ano/pt_BR/porcentagem_maior_c
omponente_grupo_temporal_web_apendice_2.eps Graphic file (type eps)

<../graficos/sigs_metricas_acumuladas_1_em_1_ano/pt_BR/porcentagem_maior_compon
ente_grupo_temporal_web_apendice_2.eps>
File: ../graficos/core_over_time/metricas_tradicionais/pt_BR/porcentagem_maior_
componente_slide_window_grupo_temporal_web_apendice_2.eps Graphic file (type ep
s)

<../graficos/core_over_time/metricas_tradicionais/pt_BR/porcentagem_maior_compo
nente_slide_window_grupo_temporal_web_apendice_2.eps>
Overfull \hbox (8.28723pt too wide) in paragraph at lines 145--150
 [][][][][] 
 []

File: ../graficos/sigs_metricas_acumuladas_1_em_1_ano/pt_BR/porcentagem_maior_c
omponente_grupo_temporal_web_apendice_3.eps Graphic file (type eps)

<../graficos/sigs_metricas_acumuladas_1_em_1_ano/pt_BR/porcentagem_maior_compon
ente_grupo_temporal_web_apendice_3.eps>
File: ../graficos/core_over_time/metricas_tradicionais/pt_BR/porcentagem_maior_
componente_slide_window_grupo_temporal_web_apendice_3.eps Graphic file (type ep
s)

<../graficos/core_over_time/metricas_tradicionais/pt_BR/porcentagem_maior_compo
nente_slide_window_grupo_temporal_web_apendice_3.eps>
Overfull \hbox (8.28723pt too wide) in paragraph at lines 154--159
 [][][][][][] 
 []

File: ../graficos/sigs_metricas_acumuladas_1_em_1_ano/pt_BR/grau_medio_nodos_gr
upo_temporal_web_apendice_1.eps Graphic file (type eps)

<../graficos/sigs_metricas_acumuladas_1_em_1_ano/pt_BR/grau_medio_nodos_grupo_t
emporal_web_apendice_1.eps>
File: ../graficos/core_over_time/metricas_tradicionais/pt_BR/grau_medio_nodos_s
lide_window_grupo_temporal_web_apendice_1.eps Graphic file (type eps)

<../graficos/core_over_time/metricas_tradicionais/pt_BR/grau_medio_nodos_slide_
window_grupo_temporal_web_apendice_1.eps>
Overfull \hbox (8.28723pt too wide) in paragraph at lines 170--176
 [][][][][] 
 []

File: ../graficos/sigs_metricas_acumuladas_1_em_1_ano/pt_BR/grau_medio_nodos_gr
upo_temporal_web_apendice_2.eps Graphic file (type eps)

<../graficos/sigs_metricas_acumuladas_1_em_1_ano/pt_BR/grau_medio_nodos_grupo_t
emporal_web_apendice_2.eps>
File: ../graficos/core_over_time/metricas_tradicionais/pt_BR/grau_medio_nodos_s
lide_window_grupo_temporal_web_apendice_2.eps Graphic file (type eps)

<../graficos/core_over_time/metricas_tradicionais/pt_BR/grau_medio_nodos_slide_
window_grupo_temporal_web_apendice_2.eps>
Overfull \hbox (8.28723pt too wide) in paragraph at lines 184--189
 [][][][][] 
 []

File: ../graficos/sigs_metricas_acumuladas_1_em_1_ano/pt_BR/grau_medio_nodos_gr
upo_temporal_web_apendice_3.eps Graphic file (type eps)

<../graficos/sigs_metricas_acumuladas_1_em_1_ano/pt_BR/grau_medio_nodos_grupo_t
emporal_web_apendice_3.eps>
File: ../graficos/core_over_time/metricas_tradicionais/pt_BR/grau_medio_nodos_s
lide_window_grupo_temporal_web_apendice_3.eps Graphic file (type eps)

<../graficos/core_over_time/metricas_tradicionais/pt_BR/grau_medio_nodos_slide_
window_grupo_temporal_web_apendice_3.eps>
Overfull \hbox (8.28723pt too wide) in paragraph at lines 193--198
 [][][][][][] 
 []

) [49



] [50] [51] [52] [53] [54]
\openout2 = `apendice-comparacao-nucleo.aux'.

 (./apendice-comparacao-nucleo.tex
File: ../graficos/core_over_time/core_community/pt_BR/ccs_janela_3_core_coefici
ente_agrupamento.eps Graphic file (type eps)

<../graficos/core_over_time/core_community/pt_BR/ccs_janela_3_core_coeficiente_
agrupamento.eps>
File: ../graficos/core_over_time/core_community/pt_BR/ccs_janela_3_core_grau_me
dio_nodos.eps Graphic file (type eps)

<../graficos/core_over_time/core_community/pt_BR/ccs_janela_3_core_grau_medio_n
odos.eps>
Overfull \hbox (8.28723pt too wide) in paragraph at lines 10--16
 [][][][][] 
 []

File: ../graficos/core_over_time/core_community/pt_BR/ccs_janela_3_core_maior_c
omponente_conectado.eps Graphic file (type eps)

<../graficos/core_over_time/core_community/pt_BR/ccs_janela_3_core_maior_compon
ente_conectado.eps>
File: ../graficos/core_over_time/core_community/pt_BR/ccs_janela_3_core_between
ness.eps Graphic file (type eps)

<../graficos/core_over_time/core_community/pt_BR/ccs_janela_3_core_betweenness.
eps>
Overfull \hbox (8.28723pt too wide) in paragraph at lines 24--29
 [][][][][] 
 []

File: ../graficos/core_over_time/core_community/pt_BR/chi_janela_3_core_coefici
ente_agrupamento.eps Graphic file (type eps)

<../graficos/core_over_time/core_community/pt_BR/chi_janela_3_core_coeficiente_
agrupamento.eps>
File: ../graficos/core_over_time/core_community/pt_BR/chi_janela_3_core_grau_me
dio_nodos.eps Graphic file (type eps)

<../graficos/core_over_time/core_community/pt_BR/chi_janela_3_core_grau_medio_n
odos.eps>
Overfull \hbox (8.28723pt too wide) in paragraph at lines 39--44
 [][][][][] 
 []

File: ../graficos/core_over_time/core_community/pt_BR/chi_janela_3_core_maior_c
omponente_conectado.eps Graphic file (type eps)

<../graficos/core_over_time/core_community/pt_BR/chi_janela_3_core_maior_compon
ente_conectado.eps>
File: ../graficos/core_over_time/core_community/pt_BR/chi_janela_3_core_between
ness.eps Graphic file (type eps)

<../graficos/core_over_time/core_community/pt_BR/chi_janela_3_core_betweenness.
eps>
Overfull \hbox (8.28723pt too wide) in paragraph at lines 48--53
 [][][][][][] 
 []

File: ../graficos/core_over_time/core_community/pt_BR/cikm_janela_3_core_coefic
iente_agrupamento.eps Graphic file (type eps)

<../graficos/core_over_time/core_community/pt_BR/cikm_janela_3_core_coeficiente
_agrupamento.eps>
File: ../graficos/core_over_time/core_community/pt_BR/cikm_janela_3_core_grau_m
edio_nodos.eps Graphic file (type eps)

<../graficos/core_over_time/core_community/pt_BR/cikm_janela_3_core_grau_medio_
nodos.eps>
Overfull \hbox (8.28723pt too wide) in paragraph at lines 63--68
 [][][][][] 
 []

File: ../graficos/core_over_time/core_community/pt_BR/cikm_janela_3_core_maior_
componente_conectado.eps Graphic file (type eps)

<../graficos/core_over_time/core_community/pt_BR/cikm_janela_3_core_maior_compo
nente_conectado.eps>
File: ../graficos/core_over_time/core_community/pt_BR/cikm_janela_3_core_betwee
nness.eps Graphic file (type eps)

<../graficos/core_over_time/core_community/pt_BR/cikm_janela_3_core_betweenness
.eps>
Overfull \hbox (8.28723pt too wide) in paragraph at lines 72--77
 [][][][][][] 
 []

File: ../graficos/core_over_time/core_community/pt_BR/dac_janela_3_core_coefici
ente_agrupamento.eps Graphic file (type eps)

<../graficos/core_over_time/core_community/pt_BR/dac_janela_3_core_coeficiente_
agrupamento.eps>
File: ../graficos/core_over_time/core_community/pt_BR/dac_janela_3_core_grau_me
dio_nodos.eps Graphic file (type eps)

<../graficos/core_over_time/core_community/pt_BR/dac_janela_3_core_grau_medio_n
odos.eps>
Overfull \hbox (8.28723pt too wide) in paragraph at lines 87--93
 [][][][][] 
 []

File: ../graficos/core_over_time/core_community/pt_BR/dac_janela_3_core_maior_c
omponente_conectado.eps Graphic file (type eps)

<../graficos/core_over_time/core_community/pt_BR/dac_janela_3_core_maior_compon
ente_conectado.eps>
File: ../graficos/core_over_time/core_community/pt_BR/dac_janela_3_core_between
ness.eps Graphic file (type eps)

<../graficos/core_over_time/core_community/pt_BR/dac_janela_3_core_betweenness.
eps>
Overfull \hbox (8.28723pt too wide) in paragraph at lines 101--106
 [][][][][] 
 []

File: ../graficos/core_over_time/core_community/pt_BR/hscc_janela_3_core_coefic
iente_agrupamento.eps Graphic file (type eps)

<../graficos/core_over_time/core_community/pt_BR/hscc_janela_3_core_coeficiente
_agrupamento.eps>
File: ../graficos/core_over_time/core_community/pt_BR/hscc_janela_3_core_grau_m
edio_nodos.eps Graphic file (type eps)

<../graficos/core_over_time/core_community/pt_BR/hscc_janela_3_core_grau_medio_
nodos.eps>
Overfull \hbox (8.28723pt too wide) in paragraph at lines 116--121
 [][][][][] 
 []

File: ../graficos/core_over_time/core_community/pt_BR/hscc_janela_3_core_maior_
componente_conectado.eps Graphic file (type eps)

<../graficos/core_over_time/core_community/pt_BR/hscc_janela_3_core_maior_compo
nente_conectado.eps>
File: ../graficos/core_over_time/core_community/pt_BR/hscc_janela_3_core_betwee
nness.eps Graphic file (type eps)

<../graficos/core_over_time/core_community/pt_BR/hscc_janela_3_core_betweenness
.eps>
Overfull \hbox (8.28723pt too wide) in paragraph at lines 125--130
 [][][][][][] 
 []

File: ../graficos/core_over_time/core_community/pt_BR/icse_janela_3_core_coefic
iente_agrupamento.eps Graphic file (type eps)

<../graficos/core_over_time/core_community/pt_BR/icse_janela_3_core_coeficiente
_agrupamento.eps>
File: ../graficos/core_over_time/core_community/pt_BR/icse_janela_3_core_grau_m
edio_nodos.eps Graphic file (type eps)

<../graficos/core_over_time/core_community/pt_BR/icse_janela_3_core_grau_medio_
nodos.eps>
Overfull \hbox (8.28723pt too wide) in paragraph at lines 140--145
 [][][][][] 
 []

File: ../graficos/core_over_time/core_community/pt_BR/icse_janela_3_core_maior_
componente_conectado.eps Graphic file (type eps)

<../graficos/core_over_time/core_community/pt_BR/icse_janela_3_core_maior_compo
nente_conectado.eps>
File: ../graficos/core_over_time/core_community/pt_BR/icse_janela_3_core_betwee
nness.eps Graphic file (type eps)

<../graficos/core_over_time/core_community/pt_BR/icse_janela_3_core_betweenness
.eps>
Overfull \hbox (8.28723pt too wide) in paragraph at lines 149--154
 [][][][][][] 
 []

File: ../graficos/core_over_time/core_community/pt_BR/isca_janela_3_core_coefic
iente_agrupamento.eps Graphic file (type eps)

<../graficos/core_over_time/core_community/pt_BR/isca_janela_3_core_coeficiente
_agrupamento.eps>
File: ../graficos/core_over_time/core_community/pt_BR/isca_janela_3_core_grau_m
edio_nodos.eps Graphic file (type eps)

<../graficos/core_over_time/core_community/pt_BR/isca_janela_3_core_grau_medio_
nodos.eps>
Overfull \hbox (8.28723pt too wide) in paragraph at lines 164--170
 [][][][][] 
 []

File: ../graficos/core_over_time/core_community/pt_BR/isca_janela_3_core_maior_
componente_conectado.eps Graphic file (type eps)

<../graficos/core_over_time/core_community/pt_BR/isca_janela_3_core_maior_compo
nente_conectado.eps>
File: ../graficos/core_over_time/core_community/pt_BR/isca_janela_3_core_betwee
nness.eps Graphic file (type eps)

<../graficos/core_over_time/core_community/pt_BR/isca_janela_3_core_betweenness
.eps>
Overfull \hbox (8.28723pt too wide) in paragraph at lines 178--183
 [][][][][] 
 []

File: ../graficos/core_over_time/core_community/pt_BR/kdd_janela_3_core_coefici
ente_agrupamento.eps Graphic file (type eps)

<../graficos/core_over_time/core_community/pt_BR/kdd_janela_3_core_coeficiente_
agrupamento.eps>
File: ../graficos/core_over_time/core_community/pt_BR/kdd_janela_3_core_grau_me
dio_nodos.eps Graphic file (type eps)

<../graficos/core_over_time/core_community/pt_BR/kdd_janela_3_core_grau_medio_n
odos.eps>
Overfull \hbox (8.28723pt too wide) in paragraph at lines 193--198
 [][][][][] 
 []

File: ../graficos/core_over_time/core_community/pt_BR/kdd_janela_3_core_maior_c
omponente_conectado.eps Graphic file (type eps)

<../graficos/core_over_time/core_community/pt_BR/kdd_janela_3_core_maior_compon
ente_conectado.eps>
File: ../graficos/core_over_time/core_community/pt_BR/kdd_janela_3_core_between
ness.eps Graphic file (type eps)

<../graficos/core_over_time/core_community/pt_BR/kdd_janela_3_core_betweenness.
eps>
Overfull \hbox (8.28723pt too wide) in paragraph at lines 202--207
 [][][][][][] 
 []

File: ../graficos/core_over_time/core_community/pt_BR/micro_janela_3_core_coefi
ciente_agrupamento.eps Graphic file (type eps)

<../graficos/core_over_time/core_community/pt_BR/micro_janela_3_core_coeficient
e_agrupamento.eps>
File: ../graficos/core_over_time/core_community/pt_BR/micro_janela_3_core_grau_
medio_nodos.eps Graphic file (type eps)

<../graficos/core_over_time/core_community/pt_BR/micro_janela_3_core_grau_medio
_nodos.eps>
Overfull \hbox (8.28723pt too wide) in paragraph at lines 217--222
 [][][][][] 
 []

File: ../graficos/core_over_time/core_community/pt_BR/micro_janela_3_core_maior
_componente_conectado.eps Graphic file (type eps)

<../graficos/core_over_time/core_community/pt_BR/micro_janela_3_core_maior_comp
onente_conectado.eps>
File: ../graficos/core_over_time/core_community/pt_BR/micro_janela_3_core_betwe
enness.eps Graphic file (type eps)

<../graficos/core_over_time/core_community/pt_BR/micro_janela_3_core_betweennes
s.eps>
Overfull \hbox (8.28723pt too wide) in paragraph at lines 226--231
 [][][][][][] 
 []

File: ../graficos/core_over_time/core_community/pt_BR/acm_multimedia_janela_3_c
ore_coeficiente_agrupamento.eps Graphic file (type eps)

<../graficos/core_over_time/core_community/pt_BR/acm_multimedia_janela_3_core_c
oeficiente_agrupamento.eps>
File: ../graficos/core_over_time/core_community/pt_BR/acm_multimedia_janela_3_c
ore_grau_medio_nodos.eps Graphic file (type eps)

<../graficos/core_over_time/core_community/pt_BR/acm_multimedia_janela_3_core_g
rau_medio_nodos.eps>
Overfull \hbox (8.28723pt too wide) in paragraph at lines 241--247
 [][][][][] 
 []

File: ../graficos/core_over_time/core_community/pt_BR/acm_multimedia_janela_3_c
ore_maior_componente_conectado.eps Graphic file (type eps)

<../graficos/core_over_time/core_community/pt_BR/acm_multimedia_janela_3_core_m
aior_componente_conectado.eps>
File: ../graficos/core_over_time/core_community/pt_BR/acm_multimedia_janela_3_c
ore_betweenness.eps Graphic file (type eps)

<../graficos/core_over_time/core_community/pt_BR/acm_multimedia_janela_3_core_b
etweenness.eps>
Overfull \hbox (8.28723pt too wide) in paragraph at lines 255--260
 [][][][][] 
 []

File: ../graficos/core_over_time/core_community/pt_BR/mobicom_janela_3_core_coe
ficiente_agrupamento.eps Graphic file (type eps)

<../graficos/core_over_time/core_community/pt_BR/mobicom_janela_3_core_coeficie
nte_agrupamento.eps>
File: ../graficos/core_over_time/core_community/pt_BR/mobicom_janela_3_core_gra
u_medio_nodos.eps Graphic file (type eps)

<../graficos/core_over_time/core_community/pt_BR/mobicom_janela_3_core_grau_med
io_nodos.eps>
Overfull \hbox (8.28723pt too wide) in paragraph at lines 270--275
 [][][][][] 
 []

File: ../graficos/core_over_time/core_community/pt_BR/mobicom_janela_3_core_mai
or_componente_conectado.eps Graphic file (type eps)

<../graficos/core_over_time/core_community/pt_BR/mobicom_janela_3_core_maior_co
mponente_conectado.eps>
File: ../graficos/core_over_time/core_community/pt_BR/mobicom_janela_3_core_bet
weenness.eps Graphic file (type eps)

<../graficos/core_over_time/core_community/pt_BR/mobicom_janela_3_core_betweenn
ess.eps>
Overfull \hbox (8.28723pt too wide) in paragraph at lines 279--284
 [][][][][][] 
 []

File: ../graficos/core_over_time/core_community/pt_BR/podc_janela_3_core_coefic
iente_agrupamento.eps Graphic file (type eps)

<../graficos/core_over_time/core_community/pt_BR/podc_janela_3_core_coeficiente
_agrupamento.eps>
File: ../graficos/core_over_time/core_community/pt_BR/podc_janela_3_core_grau_m
edio_nodos.eps Graphic file (type eps)

<../graficos/core_over_time/core_community/pt_BR/podc_janela_3_core_grau_medio_
nodos.eps>
Overfull \hbox (8.28723pt too wide) in paragraph at lines 294--299
 [][][][][] 
 []

File: ../graficos/core_over_time/core_community/pt_BR/podc_janela_3_core_maior_
componente_conectado.eps Graphic file (type eps)

<../graficos/core_over_time/core_community/pt_BR/podc_janela_3_core_maior_compo
nente_conectado.eps>
File: ../graficos/core_over_time/core_community/pt_BR/podc_janela_3_core_betwee
nness.eps Graphic file (type eps)

<../graficos/core_over_time/core_community/pt_BR/podc_janela_3_core_betweenness
.eps>
Overfull \hbox (8.28723pt too wide) in paragraph at lines 303--308
 [][][][][][] 
 []

File: ../graficos/core_over_time/core_community/pt_BR/popl_janela_3_core_coefic
iente_agrupamento.eps Graphic file (type eps)

<../graficos/core_over_time/core_community/pt_BR/popl_janela_3_core_coeficiente
_agrupamento.eps>
File: ../graficos/core_over_time/core_community/pt_BR/popl_janela_3_core_grau_m
edio_nodos.eps Graphic file (type eps)

<../graficos/core_over_time/core_community/pt_BR/popl_janela_3_core_grau_medio_
nodos.eps>
Overfull \hbox (8.28723pt too wide) in paragraph at lines 318--324
 [][][][][] 
 []

File: ../graficos/core_over_time/core_community/pt_BR/popl_janela_3_core_maior_
componente_conectado.eps Graphic file (type eps)

<../graficos/core_over_time/core_community/pt_BR/popl_janela_3_core_maior_compo
nente_conectado.eps>
File: ../graficos/core_over_time/core_community/pt_BR/popl_janela_3_core_betwee
nness.eps Graphic file (type eps)

<../graficos/core_over_time/core_community/pt_BR/popl_janela_3_core_betweenness
.eps>
Overfull \hbox (8.28723pt too wide) in paragraph at lines 332--337
 [][][][][] 
 []

File: ../graficos/core_over_time/core_community/pt_BR/sac_janela_3_core_coefici
ente_agrupamento.eps Graphic file (type eps)

<../graficos/core_over_time/core_community/pt_BR/sac_janela_3_core_coeficiente_
agrupamento.eps>
File: ../graficos/core_over_time/core_community/pt_BR/sac_janela_3_core_grau_me
dio_nodos.eps Graphic file (type eps)

<../graficos/core_over_time/core_community/pt_BR/sac_janela_3_core_grau_medio_n
odos.eps>
Overfull \hbox (8.28723pt too wide) in paragraph at lines 347--352
 [][][][][] 
 []

File: ../graficos/core_over_time/core_community/pt_BR/sac_janela_3_core_maior_c
omponente_conectado.eps Graphic file (type eps)

<../graficos/core_over_time/core_community/pt_BR/sac_janela_3_core_maior_compon
ente_conectado.eps>
File: ../graficos/core_over_time/core_community/pt_BR/sac_janela_3_core_between
ness.eps Graphic file (type eps)

<../graficos/core_over_time/core_community/pt_BR/sac_janela_3_core_betweenness.
eps>
Overfull \hbox (8.28723pt too wide) in paragraph at lines 356--361
 [][][][][][] 
 []

File: ../graficos/core_over_time/core_community/pt_BR/sigcomm_janela_3_core_coe
ficiente_agrupamento.eps Graphic file (type eps)

<../graficos/core_over_time/core_community/pt_BR/sigcomm_janela_3_core_coeficie
nte_agrupamento.eps>
File: ../graficos/core_over_time/core_community/pt_BR/sigcomm_janela_3_core_gra
u_medio_nodos.eps Graphic file (type eps)

<../graficos/core_over_time/core_community/pt_BR/sigcomm_janela_3_core_grau_med
io_nodos.eps>
Overfull \hbox (8.28723pt too wide) in paragraph at lines 371--376
 [][][][][] 
 []

File: ../graficos/core_over_time/core_community/pt_BR/sigcomm_janela_3_core_mai
or_componente_conectado.eps Graphic file (type eps)

<../graficos/core_over_time/core_community/pt_BR/sigcomm_janela_3_core_maior_co
mponente_conectado.eps>
File: ../graficos/core_over_time/core_community/pt_BR/sigcomm_janela_3_core_bet
weenness.eps Graphic file (type eps)

<../graficos/core_over_time/core_community/pt_BR/sigcomm_janela_3_core_betweenn
ess.eps>
Overfull \hbox (8.28723pt too wide) in paragraph at lines 380--385
 [][][][][][] 
 []

File: ../graficos/core_over_time/core_community/pt_BR/sigcse_janela_3_core_coef
iciente_agrupamento.eps Graphic file (type eps)

<../graficos/core_over_time/core_community/pt_BR/sigcse_janela_3_core_coeficien
te_agrupamento.eps>
File: ../graficos/core_over_time/core_community/pt_BR/sigcse_janela_3_core_grau
_medio_nodos.eps Graphic file (type eps)

<../graficos/core_over_time/core_community/pt_BR/sigcse_janela_3_core_grau_medi
o_nodos.eps>
Overfull \hbox (8.28723pt too wide) in paragraph at lines 395--401
 [][][][][] 
 []

File: ../graficos/core_over_time/core_community/pt_BR/sigcse_janela_3_core_maio
r_componente_conectado.eps Graphic file (type eps)

<../graficos/core_over_time/core_community/pt_BR/sigcse_janela_3_core_maior_com
ponente_conectado.eps>
File: ../graficos/core_over_time/core_community/pt_BR/sigcse_janela_3_core_betw
eenness.eps Graphic file (type eps)

<../graficos/core_over_time/core_community/pt_BR/sigcse_janela_3_core_betweenne
ss.eps>
Overfull \hbox (8.28723pt too wide) in paragraph at lines 409--414
 [][][][][] 
 []

File: ../graficos/core_over_time/core_community/pt_BR/sigdoc_janela_3_core_coef
iciente_agrupamento.eps Graphic file (type eps)

<../graficos/core_over_time/core_community/pt_BR/sigdoc_janela_3_core_coeficien
te_agrupamento.eps>
File: ../graficos/core_over_time/core_community/pt_BR/sigdoc_janela_3_core_grau
_medio_nodos.eps Graphic file (type eps)

<../graficos/core_over_time/core_community/pt_BR/sigdoc_janela_3_core_grau_medi
o_nodos.eps>
Overfull \hbox (8.28723pt too wide) in paragraph at lines 424--429
 [][][][][] 
 []

File: ../graficos/core_over_time/core_community/pt_BR/sigdoc_janela_3_core_maio
r_componente_conectado.eps Graphic file (type eps)

<../graficos/core_over_time/core_community/pt_BR/sigdoc_janela_3_core_maior_com
ponente_conectado.eps>
File: ../graficos/core_over_time/core_community/pt_BR/sigdoc_janela_3_core_betw
eenness.eps Graphic file (type eps)

<../graficos/core_over_time/core_community/pt_BR/sigdoc_janela_3_core_betweenne
ss.eps>
Overfull \hbox (8.28723pt too wide) in paragraph at lines 433--438
 [][][][][][] 
 []

File: ../graficos/core_over_time/core_community/pt_BR/siggraph_janela_3_core_co
eficiente_agrupamento.eps Graphic file (type eps)

<../graficos/core_over_time/core_community/pt_BR/siggraph_janela_3_core_coefici
ente_agrupamento.eps>
File: ../graficos/core_over_time/core_community/pt_BR/siggraph_janela_3_core_gr
au_medio_nodos.eps Graphic file (type eps)

<../graficos/core_over_time/core_community/pt_BR/siggraph_janela_3_core_grau_me
dio_nodos.eps>
Overfull \hbox (8.28723pt too wide) in paragraph at lines 448--453
 [][][][][] 
 []

File: ../graficos/core_over_time/core_community/pt_BR/siggraph_janela_3_core_ma
ior_componente_conectado.eps Graphic file (type eps)

<../graficos/core_over_time/core_community/pt_BR/siggraph_janela_3_core_maior_c
omponente_conectado.eps>
File: ../graficos/core_over_time/core_community/pt_BR/siggraph_janela_3_core_be
tweenness.eps Graphic file (type eps)

<../graficos/core_over_time/core_community/pt_BR/siggraph_janela_3_core_between
ness.eps>
Overfull \hbox (8.28723pt too wide) in paragraph at lines 457--462
 [][][][][][] 
 []

File: ../graficos/core_over_time/core_community/pt_BR/sigir_janela_3_core_coefi
ciente_agrupamento.eps Graphic file (type eps)

<../graficos/core_over_time/core_community/pt_BR/sigir_janela_3_core_coeficient
e_agrupamento.eps>
File: ../graficos/core_over_time/core_community/pt_BR/sigir_janela_3_core_grau_
medio_nodos.eps Graphic file (type eps)

<../graficos/core_over_time/core_community/pt_BR/sigir_janela_3_core_grau_medio
_nodos.eps>
Overfull \hbox (8.28723pt too wide) in paragraph at lines 472--478
 [][][][][] 
 []

File: ../graficos/core_over_time/core_community/pt_BR/sigir_janela_3_core_maior
_componente_conectado.eps Graphic file (type eps)

<../graficos/core_over_time/core_community/pt_BR/sigir_janela_3_core_maior_comp
onente_conectado.eps>
File: ../graficos/core_over_time/core_community/pt_BR/sigir_janela_3_core_betwe
enness.eps Graphic file (type eps)

<../graficos/core_over_time/core_community/pt_BR/sigir_janela_3_core_betweennes
s.eps>
Overfull \hbox (8.28723pt too wide) in paragraph at lines 486--491
 [][][][][] 
 []

File: ../graficos/core_over_time/core_community/pt_BR/sigmetrics_janela_3_core_
coeficiente_agrupamento.eps Graphic file (type eps)

<../graficos/core_over_time/core_community/pt_BR/sigmetrics_janela_3_core_coefi
ciente_agrupamento.eps>
File: ../graficos/core_over_time/core_community/pt_BR/sigmetrics_janela_3_core_
grau_medio_nodos.eps Graphic file (type eps)

<../graficos/core_over_time/core_community/pt_BR/sigmetrics_janela_3_core_grau_
medio_nodos.eps>
Overfull \hbox (8.28723pt too wide) in paragraph at lines 501--506
 [][][][][] 
 []

File: ../graficos/core_over_time/core_community/pt_BR/sigmetrics_janela_3_core_
maior_componente_conectado.eps Graphic file (type eps)

<../graficos/core_over_time/core_community/pt_BR/sigmetrics_janela_3_core_maior
_componente_conectado.eps>
File: ../graficos/core_over_time/core_community/pt_BR/sigmetrics_janela_3_core_
betweenness.eps Graphic file (type eps)

<../graficos/core_over_time/core_community/pt_BR/sigmetrics_janela_3_core_betwe
enness.eps>
Overfull \hbox (8.28723pt too wide) in paragraph at lines 510--515
 [][][][][][] 
 []

File: ../graficos/core_over_time/core_community/pt_BR/stoc_janela_3_core_coefic
iente_agrupamento.eps Graphic file (type eps)

<../graficos/core_over_time/core_community/pt_BR/stoc_janela_3_core_coeficiente
_agrupamento.eps>
File: ../graficos/core_over_time/core_community/pt_BR/stoc_janela_3_core_grau_m
edio_nodos.eps Graphic file (type eps)

<../graficos/core_over_time/core_community/pt_BR/stoc_janela_3_core_grau_medio_
nodos.eps>
Overfull \hbox (8.28723pt too wide) in paragraph at lines 525--530
 [][][][][] 
 []

File: ../graficos/core_over_time/core_community/pt_BR/stoc_janela_3_core_maior_
componente_conectado.eps Graphic file (type eps)

<../graficos/core_over_time/core_community/pt_BR/stoc_janela_3_core_maior_compo
nente_conectado.eps>
File: ../graficos/core_over_time/core_community/pt_BR/stoc_janela_3_core_betwee
nness.eps Graphic file (type eps)

<../graficos/core_over_time/core_community/pt_BR/stoc_janela_3_core_betweenness
.eps>
Overfull \hbox (8.28723pt too wide) in paragraph at lines 534--539
 [][][][][][] 
 []

) [55



] [56] [57] [58] [59] [60] [61] [62] [63] [64] [65] [66] [67] [68]
[69]
\openout2 = `apendice-media-pontuacao-nucleo.aux'.

 (./apendice-media-pontuacao-nucleo.tex [70



]
File: ../graficos/average_core_score/pt_BR/average_core_score_slide_window_grup
o_3_temporal_web.eps Graphic file (type eps)

<../graficos/average_core_score/pt_BR/average_core_score_slide_window_grupo_3_t
emporal_web.eps>
File: ../graficos/average_core_score/pt_BR/average_core_score_slide_window_grup
o_4_temporal_web.eps Graphic file (type eps)

<../graficos/average_core_score/pt_BR/average_core_score_slide_window_grupo_4_t
emporal_web.eps>
File: ../graficos/average_core_score/pt_BR/average_core_score_slide_window_grup
o_5_temporal_web.eps Graphic file (type eps)

<../graficos/average_core_score/pt_BR/average_core_score_slide_window_grupo_5_t
emporal_web.eps>
File: ../graficos/average_core_score/pt_BR/average_core_score_slide_window_grup
o_6_temporal_web.eps Graphic file (type eps)

<../graficos/average_core_score/pt_BR/average_core_score_slide_window_grupo_6_t
emporal_web.eps>) [71]
\openout2 = `apendice-redes.aux'.

 (./apendice-redes.tex [72



]
File: ../graficos/network/ccs.eps Graphic file (type eps)

<../graficos/network/ccs.eps>
File: ../graficos/network/cikm.eps Graphic file (type eps)
 <../graficos/network/cikm.eps>
Overfull \hbox (6.36942pt too wide) in paragraph at lines 10--16
 [][][][][] 
 []

File: ../graficos/network/dac.eps Graphic file (type eps)
<../graficos/network/dac.eps>
File: ../graficos/network/hscc.eps Graphic file (type eps)
 <../graficos/network/hscc.eps>
Overfull \hbox (6.36942pt too wide) in paragraph at lines 24--29
 [][][][][] 
 []

File: ../graficos/network/icse.eps Graphic file (type eps)
<../graficos/network/icse.eps>
File: ../graficos/network/isca.eps Graphic file (type eps)
 <../graficos/network/isca.eps>
Overfull \hbox (6.36942pt too wide) in paragraph at lines 33--39
 [][][][][][] 
 []

File: ../graficos/network/kdd.eps Graphic file (type eps)
<../graficos/network/kdd.eps>
File: ../graficos/network/micro.eps Graphic file (type eps)
 <../graficos/network/micro.eps>
Overfull \hbox (6.36942pt too wide) in paragraph at lines 47--52
 [][][][][] 
 []

File: ../graficos/network/acm_multimedia.eps Graphic file (type eps)
<../graficos/network/acm_multimedia.eps>
File: ../graficos/network/mobicom.eps Graphic file (type eps)
 <../graficos/network/mobicom.eps>
Overfull \hbox (6.36942pt too wide) in paragraph at lines 56--62
 [][][][][][] 
 []

File: ../graficos/network/podc.eps Graphic file (type eps)
<../graficos/network/podc.eps>
File: ../graficos/network/popl.eps Graphic file (type eps)
 <../graficos/network/popl.eps>
Overfull \hbox (6.36942pt too wide) in paragraph at lines 70--75
 [][][][][] 
 []

File: ../graficos/network/sigcomm.eps Graphic file (type eps)
<../graficos/network/sigcomm.eps>
File: ../graficos/network/sigcse.eps Graphic file (type eps)
 <../graficos/network/sigcse.eps>
Overfull \hbox (6.36942pt too wide) in paragraph at lines 79--85
 [][][][][][] 
 []

File: ../graficos/network/sigdoc.eps Graphic file (type eps)
<../graficos/network/sigdoc.eps>
File: ../graficos/network/siggraph.eps Graphic file (type eps)
 <../graficos/network/siggraph.eps>
Overfull \hbox (6.36942pt too wide) in paragraph at lines 93--98
 [][][][][] 
 []

File: ../graficos/network/sigir.eps Graphic file (type eps)
<../graficos/network/sigir.eps>
File: ../graficos/network/sigmetrics.eps Graphic file (type eps)
 <../graficos/network/sigmetrics.eps>
Overfull \hbox (6.36942pt too wide) in paragraph at lines 102--107
 [][][][][][] 
 []

) [73] [74] [75] [76] [77])

Class memoir Warning: The material used in the headers is too large
(28.99998pt) for the given head height (14.5pt), it is recommended to
either increase the head height or redesign the header
(in both cases you will find help in the memoir manual). on input line 148.

\tf@lof=\write5
\openout5 = `dissertacao-brunoleite.lof'.

\tf@lot=\write6
\openout6 = `dissertacao-brunoleite.lot'.

\tf@toc=\write7
\openout7 = `dissertacao-brunoleite.toc'.

Package atveryend Info: Empty hook `BeforeClearDocument' on input line 148.
Package atveryend Info: Empty hook `AfterLastShipout' on input line 148.
(./dissertacao-brunoleite.aux (./apendice-media-valores-resemblance.aux)
(./apendice-analises.aux) (./apendice-comparacao-nucleo.aux)
(./apendice-media-pontuacao-nucleo.aux) (./apendice-redes.aux))
Package atveryend Info: Empty hook `AtVeryEndDocument' on input line 148.
Package atveryend Info: Executing hook `AtEndAfterFileList' on input line 148.
Package rerunfilecheck Info: File `dissertacao-brunoleite.out' has not changed.

(rerunfilecheck)             Checksum: C6873800F81F82EA3BBE389795B956B0;2975.


LaTeX Font Warning: Size substitutions with differences
(Font)              up to 1.90001pt have occurred.


LaTeX Warning: There were multiply-defined labels.

 )
(\end occurred inside a group at level 1)

### semi simple group (level 1) entered at line 89 (\begingroup)
### bottom level 
Here is how much of TeX's memory you used:
 13594 strings out of 495060
 227618 string characters out of 3182054
 460078 words of memory out of 3000000
 16310 multiletter control sequences out of 15000+200000
 31927 words of font info for 67 fonts, out of 3000000 for 9000
 52 hyphenation exceptions out of 8191
 38i,12n,56p,960b,1277s stack positions out of 5000i,500n,10000p,200000b,50000s

Output written on dissertacao-brunoleite.dvi (99 pages, 393544 bytes).
